This file contains any messages produced by compilers while
running configure, to aid debugging if configure makes a mistake.

It was created by lzo configure 2.02, which was
generated by GNU Autoconf 2.59.  Invocation command line was

  $ ./configure 

## --------- ##
## Platform. ##
## --------- ##

hostname = wherebeware.corp.gq1.yahoo.com
uname -m = x86_64
uname -r = 3.10.0-1062.4.3.el7.YAHOO.20191113.49.x86_64
uname -s = Linux
uname -v = #1 SMP Wed Nov 13 23:55:33 UTC 2019

/usr/bin/uname -p = x86_64
/bin/uname -X     = unknown

/bin/arch              = x86_64
/usr/bin/arch -k       = unknown
/usr/convex/getsysinfo = unknown
hostinfo               = unknown
/bin/machine           = unknown
/usr/bin/oslevel       = unknown
/bin/universe          = unknown

PATH: /usr/local/bin
PATH: /usr/bin
PATH: /usr/local/sbin
PATH: /usr/sbin
PATH: /home/y/bin
PATH: /home/y/sbin
PATH: /home/junyel/.local/bin
PATH: /home/junyel/bin


## ----------- ##
## Core tests. ##
## ----------- ##

configure:1528: Configuring LZO 2.02
configure:1563: checking build system type
configure:1581: result: x86_64-unknown-linux-gnu
configure:1589: checking host system type
configure:1603: result: x86_64-unknown-linux-gnu
configure:1611: checking target system type
configure:1625: result: x86_64-unknown-linux-gnu
configure:1639: checking whether to enable maintainer-specific portions of Makefiles
configure:1648: result: no
configure:1781: checking for gcc
configure:1797: found /usr/bin/gcc
configure:1807: result: gcc
configure:2051: checking for C compiler version
configure:2054: gcc --version </dev/null >&5
gcc (GCC) 4.8.5 20150623 (Red Hat 4.8.5-39)
Copyright (C) 2015 Free Software Foundation, Inc.
This is free software; see the source for copying conditions.  There is NO
warranty; not even for MERCHANTABILITY or FITNESS FOR A PARTICULAR PURPOSE.

configure:2057: $? = 0
configure:2059: gcc -v </dev/null >&5
Using built-in specs.
COLLECT_GCC=gcc
COLLECT_LTO_WRAPPER=/usr/libexec/gcc/x86_64-redhat-linux/4.8.5/lto-wrapper
Target: x86_64-redhat-linux
Configured with: ../configure --prefix=/usr --mandir=/usr/share/man --infodir=/usr/share/info --with-bugurl=http://bugzilla.redhat.com/bugzilla --enable-bootstrap --enable-shared --enable-threads=posix --enable-checking=release --with-system-zlib --enable-__cxa_atexit --disable-libunwind-exceptions --enable-gnu-unique-object --enable-linker-build-id --with-linker-hash-style=gnu --enable-languages=c,c++,objc,obj-c++,java,fortran,ada,go,lto --enable-plugin --enable-initfini-array --disable-libgcj --with-isl=/builddir/build/BUILD/gcc-4.8.5-20150702/obj-x86_64-redhat-linux/isl-install --with-cloog=/builddir/build/BUILD/gcc-4.8.5-20150702/obj-x86_64-redhat-linux/cloog-install --enable-gnu-indirect-function --with-tune=generic --with-arch_32=x86-64 --build=x86_64-redhat-linux
Thread model: posix
gcc version 4.8.5 20150623 (Red Hat 4.8.5-39) (GCC) 
configure:2062: $? = 0
configure:2064: gcc -V </dev/null >&5
gcc: error: unrecognized command line option '-V'
gcc: fatal error: no input files
compilation terminated.
configure:2067: $? = 4
configure:2090: checking for C compiler default output file name
configure:2093: gcc    conftest.c  >&5
configure:2096: $? = 0
configure:2142: result: a.out
configure:2147: checking whether the C compiler works
configure:2153: ./a.out
configure:2156: $? = 0
configure:2173: result: yes
configure:2180: checking whether we are cross compiling
configure:2182: result: no
configure:2185: checking for suffix of executables
configure:2187: gcc -o conftest    conftest.c  >&5
configure:2190: $? = 0
configure:2215: result: 
configure:2221: checking for suffix of object files
configure:2242: gcc -c   conftest.c >&5
configure:2245: $? = 0
configure:2267: result: o
configure:2271: checking whether we are using the GNU C compiler
configure:2295: gcc -c   conftest.c >&5
configure:2301: $? = 0
configure:2304: test -z 			 || test ! -s conftest.err
configure:2307: $? = 0
configure:2310: test -s conftest.o
configure:2313: $? = 0
configure:2326: result: yes
configure:2332: checking whether gcc accepts -g
configure:2353: gcc -c -g  conftest.c >&5
configure:2359: $? = 0
configure:2362: test -z 			 || test ! -s conftest.err
configure:2365: $? = 0
configure:2368: test -s conftest.o
configure:2371: $? = 0
configure:2382: result: yes
configure:2399: checking for gcc option to accept ANSI C
configure:2469: gcc  -c -g -O2  conftest.c >&5
configure:2475: $? = 0
configure:2478: test -z 			 || test ! -s conftest.err
configure:2481: $? = 0
configure:2484: test -s conftest.o
configure:2487: $? = 0
configure:2505: result: none needed
configure:2523: gcc -c -g -O2  conftest.c >&5
conftest.c:2:3: error: unknown type name 'choke'
   choke me
   ^
conftest.c:2:3: error: expected '=', ',', ';', 'asm' or '__attribute__' at end of input
configure:2529: $? = 1
configure: failed program was:
| #ifndef __cplusplus
|   choke me
| #endif
configure:2664: checking how to run the C preprocessor
configure:2699: gcc -E  conftest.c
configure:2705: $? = 0
configure:2737: gcc -E  conftest.c
conftest.c:9:28: fatal error: ac_nonexistent.h: No such file or directory
 #include <ac_nonexistent.h>
                            ^
compilation terminated.
configure:2743: $? = 1
configure: failed program was:
| /* confdefs.h.  */
| 
| #define PACKAGE_NAME "lzo"
| #define PACKAGE_TARNAME "lzo"
| #define PACKAGE_VERSION "2.02"
| #define PACKAGE_STRING "lzo 2.02"
| #define PACKAGE_BUGREPORT "markus@oberhumer.com"
| /* end confdefs.h.  */
| #include <ac_nonexistent.h>
configure:2782: result: gcc -E
configure:2806: gcc -E  conftest.c
configure:2812: $? = 0
configure:2844: gcc -E  conftest.c
conftest.c:9:28: fatal error: ac_nonexistent.h: No such file or directory
 #include <ac_nonexistent.h>
                            ^
compilation terminated.
configure:2850: $? = 1
configure: failed program was:
| /* confdefs.h.  */
| 
| #define PACKAGE_NAME "lzo"
| #define PACKAGE_TARNAME "lzo"
| #define PACKAGE_VERSION "2.02"
| #define PACKAGE_STRING "lzo 2.02"
| #define PACKAGE_BUGREPORT "markus@oberhumer.com"
| /* end confdefs.h.  */
| #include <ac_nonexistent.h>
configure:2894: checking whether the C preprocessor needs special flags
configure:2928: gcc -c -g -O2   conftest.c >&5
configure:2934: $? = 0
configure:2937: test -z 			 || test ! -s conftest.err
configure:2940: $? = 0
configure:2943: test -s conftest.o
configure:2946: $? = 0
configure:2961: result: none needed
configure:2978: checking for an ANSI C-conforming const
configure:3045: gcc -c -g -O2  conftest.c >&5
configure:3051: $? = 0
configure:3054: test -z 			 || test ! -s conftest.err
configure:3057: $? = 0
configure:3060: test -s conftest.o
configure:3063: $? = 0
configure:3074: result: yes
configure:3085: checking whether byte ordering is bigendian
configure:3112: gcc -c -g -O2  conftest.c >&5
configure:3118: $? = 0
configure:3121: test -z 			 || test ! -s conftest.err
configure:3124: $? = 0
configure:3127: test -s conftest.o
configure:3130: $? = 0
configure:3154: gcc -c -g -O2  conftest.c >&5
conftest.c: In function 'main':
conftest.c:16:2: error: unknown type name 'not'
  not big endian
  ^
conftest.c:16:10: error: expected '=', ',', ';', 'asm' or '__attribute__' before 'endian'
  not big endian
          ^
configure:3160: $? = 1
configure: failed program was:
| /* confdefs.h.  */
| 
| #define PACKAGE_NAME "lzo"
| #define PACKAGE_TARNAME "lzo"
| #define PACKAGE_VERSION "2.02"
| #define PACKAGE_STRING "lzo 2.02"
| #define PACKAGE_BUGREPORT "markus@oberhumer.com"
| /* end confdefs.h.  */
| #include <sys/types.h>
| #include <sys/param.h>
| 
| int
| main ()
| {
| #if BYTE_ORDER != BIG_ENDIAN
|  not big endian
| #endif
| 
|   ;
|   return 0;
| }
configure:3293: result: no
configure:3324: checking for special C compiler options needed for large files
configure:3421: result: no
configure:3427: checking for _FILE_OFFSET_BITS value needed for large files
configure:3458: gcc -c -g -O2  conftest.c >&5
configure:3464: $? = 0
configure:3467: test -z 			 || test ! -s conftest.err
configure:3470: $? = 0
configure:3473: test -s conftest.o
configure:3476: $? = 0
configure:3540: result: no
configure:3550: checking for _LARGE_FILES value needed for large files
configure:3581: gcc -c -g -O2  conftest.c >&5
configure:3587: $? = 0
configure:3590: test -z 			 || test ! -s conftest.err
configure:3593: $? = 0
configure:3596: test -s conftest.o
configure:3599: $? = 0
configure:3663: result: no
configure:3690: checking for a BSD-compatible install
configure:3745: result: /usr/bin/install -c
configure:3756: checking whether build environment is sane
configure:3799: result: yes
configure:3864: checking for gawk
configure:3880: found /usr/bin/gawk
configure:3890: result: gawk
configure:3900: checking whether make sets $(MAKE)
configure:3920: result: yes
configure:3950: checking for style of include used by make
configure:3978: result: GNU
configure:4154: checking dependency style of gcc
configure:4244: result: gcc3
configure:4338: checking for a sed that does not truncate output
configure:4392: result: /usr/bin/sed
configure:4395: checking for egrep
configure:4405: result: grep -E
configure:4421: checking for ld used by gcc
configure:4488: result: /usr/bin/ld
configure:4497: checking if the linker (/usr/bin/ld) is GNU ld
configure:4512: result: yes
configure:4517: checking for /usr/bin/ld option to reload object files
configure:4524: result: -r
configure:4533: checking for BSD-compatible nm
configure:4575: result: /usr/bin/nm -B
configure:4579: checking whether ln -s works
configure:4583: result: yes
configure:4590: checking how to recognise dependent libraries
configure:4764: result: pass_all
configure:4848: gcc -c -g -O2  conftest.c >&5
configure:4851: $? = 0
configure:4972: checking for ANSI C header files
configure:4997: gcc -c -g -O2  conftest.c >&5
configure:5003: $? = 0
configure:5006: test -z 			 || test ! -s conftest.err
configure:5009: $? = 0
configure:5012: test -s conftest.o
configure:5015: $? = 0
configure:5104: gcc -o conftest -g -O2   conftest.c  >&5
conftest.c: In function 'main':
conftest.c:29:7: warning: incompatible implicit declaration of built-in function 'exit' [enabled by default]
       exit(2);
       ^
configure:5107: $? = 0
configure:5109: ./conftest
configure:5112: $? = 0
configure:5127: result: yes
configure:5151: checking for sys/types.h
configure:5167: gcc -c -g -O2  conftest.c >&5
configure:5173: $? = 0
configure:5176: test -z 			 || test ! -s conftest.err
configure:5179: $? = 0
configure:5182: test -s conftest.o
configure:5185: $? = 0
configure:5196: result: yes
configure:5151: checking for sys/stat.h
configure:5167: gcc -c -g -O2  conftest.c >&5
configure:5173: $? = 0
configure:5176: test -z 			 || test ! -s conftest.err
configure:5179: $? = 0
configure:5182: test -s conftest.o
configure:5185: $? = 0
configure:5196: result: yes
configure:5151: checking for stdlib.h
configure:5167: gcc -c -g -O2  conftest.c >&5
configure:5173: $? = 0
configure:5176: test -z 			 || test ! -s conftest.err
configure:5179: $? = 0
configure:5182: test -s conftest.o
configure:5185: $? = 0
configure:5196: result: yes
configure:5151: checking for string.h
configure:5167: gcc -c -g -O2  conftest.c >&5
configure:5173: $? = 0
configure:5176: test -z 			 || test ! -s conftest.err
configure:5179: $? = 0
configure:5182: test -s conftest.o
configure:5185: $? = 0
configure:5196: result: yes
configure:5151: checking for memory.h
configure:5167: gcc -c -g -O2  conftest.c >&5
configure:5173: $? = 0
configure:5176: test -z 			 || test ! -s conftest.err
configure:5179: $? = 0
configure:5182: test -s conftest.o
configure:5185: $? = 0
configure:5196: result: yes
configure:5151: checking for strings.h
configure:5167: gcc -c -g -O2  conftest.c >&5
configure:5173: $? = 0
configure:5176: test -z 			 || test ! -s conftest.err
configure:5179: $? = 0
configure:5182: test -s conftest.o
configure:5185: $? = 0
configure:5196: result: yes
configure:5151: checking for inttypes.h
configure:5167: gcc -c -g -O2  conftest.c >&5
configure:5173: $? = 0
configure:5176: test -z 			 || test ! -s conftest.err
configure:5179: $? = 0
configure:5182: test -s conftest.o
configure:5185: $? = 0
configure:5196: result: yes
configure:5151: checking for stdint.h
configure:5167: gcc -c -g -O2  conftest.c >&5
configure:5173: $? = 0
configure:5176: test -z 			 || test ! -s conftest.err
configure:5179: $? = 0
configure:5182: test -s conftest.o
configure:5185: $? = 0
configure:5196: result: yes
configure:5151: checking for unistd.h
configure:5167: gcc -c -g -O2  conftest.c >&5
configure:5173: $? = 0
configure:5176: test -z 			 || test ! -s conftest.err
configure:5179: $? = 0
configure:5182: test -s conftest.o
configure:5185: $? = 0
configure:5196: result: yes
configure:5222: checking dlfcn.h usability
configure:5234: gcc -c -g -O2  conftest.c >&5
configure:5240: $? = 0
configure:5243: test -z 			 || test ! -s conftest.err
configure:5246: $? = 0
configure:5249: test -s conftest.o
configure:5252: $? = 0
configure:5262: result: yes
configure:5266: checking dlfcn.h presence
configure:5276: gcc -E  conftest.c
configure:5282: $? = 0
configure:5302: result: yes
configure:5337: checking for dlfcn.h
configure:5344: result: yes
configure:5409: checking for g++
configure:5425: found /usr/bin/g++
configure:5435: result: g++
configure:5451: checking for C++ compiler version
configure:5454: g++ --version </dev/null >&5
g++ (GCC) 4.8.5 20150623 (Red Hat 4.8.5-39)
Copyright (C) 2015 Free Software Foundation, Inc.
This is free software; see the source for copying conditions.  There is NO
warranty; not even for MERCHANTABILITY or FITNESS FOR A PARTICULAR PURPOSE.

configure:5457: $? = 0
configure:5459: g++ -v </dev/null >&5
Using built-in specs.
COLLECT_GCC=g++
COLLECT_LTO_WRAPPER=/usr/libexec/gcc/x86_64-redhat-linux/4.8.5/lto-wrapper
Target: x86_64-redhat-linux
Configured with: ../configure --prefix=/usr --mandir=/usr/share/man --infodir=/usr/share/info --with-bugurl=http://bugzilla.redhat.com/bugzilla --enable-bootstrap --enable-shared --enable-threads=posix --enable-checking=release --with-system-zlib --enable-__cxa_atexit --disable-libunwind-exceptions --enable-gnu-unique-object --enable-linker-build-id --with-linker-hash-style=gnu --enable-languages=c,c++,objc,obj-c++,java,fortran,ada,go,lto --enable-plugin --enable-initfini-array --disable-libgcj --with-isl=/builddir/build/BUILD/gcc-4.8.5-20150702/obj-x86_64-redhat-linux/isl-install --with-cloog=/builddir/build/BUILD/gcc-4.8.5-20150702/obj-x86_64-redhat-linux/cloog-install --enable-gnu-indirect-function --with-tune=generic --with-arch_32=x86-64 --build=x86_64-redhat-linux
Thread model: posix
gcc version 4.8.5 20150623 (Red Hat 4.8.5-39) (GCC) 
configure:5462: $? = 0
configure:5464: g++ -V </dev/null >&5
g++: error: unrecognized command line option '-V'
g++: fatal error: no input files
compilation terminated.
configure:5467: $? = 4
configure:5470: checking whether we are using the GNU C++ compiler
configure:5494: g++ -c   conftest.cc >&5
configure:5500: $? = 0
configure:5503: test -z 			 || test ! -s conftest.err
configure:5506: $? = 0
configure:5509: test -s conftest.o
configure:5512: $? = 0
configure:5525: result: yes
configure:5531: checking whether g++ accepts -g
configure:5552: g++ -c -g  conftest.cc >&5
configure:5558: $? = 0
configure:5561: test -z 			 || test ! -s conftest.err
configure:5564: $? = 0
configure:5567: test -s conftest.o
configure:5570: $? = 0
configure:5581: result: yes
configure:5623: g++ -c -g -O2  conftest.cc >&5
configure:5629: $? = 0
configure:5632: test -z 			 || test ! -s conftest.err
configure:5635: $? = 0
configure:5638: test -s conftest.o
configure:5641: $? = 0
configure:5667: g++ -c -g -O2  conftest.cc >&5
conftest.cc: In function 'int main()':
conftest.cc:27:9: error: 'exit' was not declared in this scope
 exit (42);
         ^
configure:5673: $? = 1
configure: failed program was:
| /* confdefs.h.  */
| 
| #define PACKAGE_NAME "lzo"
| #define PACKAGE_TARNAME "lzo"
| #define PACKAGE_VERSION "2.02"
| #define PACKAGE_STRING "lzo 2.02"
| #define PACKAGE_BUGREPORT "markus@oberhumer.com"
| #define LZO_ABI_LITTLE_ENDIAN 1
| #define PACKAGE "lzo"
| #define VERSION "2.02"
| #define STDC_HEADERS 1
| #define HAVE_SYS_TYPES_H 1
| #define HAVE_SYS_STAT_H 1
| #define HAVE_STDLIB_H 1
| #define HAVE_STRING_H 1
| #define HAVE_MEMORY_H 1
| #define HAVE_STRINGS_H 1
| #define HAVE_INTTYPES_H 1
| #define HAVE_STDINT_H 1
| #define HAVE_UNISTD_H 1
| #define HAVE_DLFCN_H 1
| /* end confdefs.h.  */
| 
| int
| main ()
| {
| exit (42);
|   ;
|   return 0;
| }
configure:5623: g++ -c -g -O2  conftest.cc >&5
conftest.cc:23:40: error: 'void std::exit(int)' should have been declared inside 'std'
 extern "C" void std::exit (int) throw (); using std::exit;
                                        ^
configure:5629: $? = 1
configure: failed program was:
| /* confdefs.h.  */
| 
| #define PACKAGE_NAME "lzo"
| #define PACKAGE_TARNAME "lzo"
| #define PACKAGE_VERSION "2.02"
| #define PACKAGE_STRING "lzo 2.02"
| #define PACKAGE_BUGREPORT "markus@oberhumer.com"
| #define LZO_ABI_LITTLE_ENDIAN 1
| #define PACKAGE "lzo"
| #define VERSION "2.02"
| #define STDC_HEADERS 1
| #define HAVE_SYS_TYPES_H 1
| #define HAVE_SYS_STAT_H 1
| #define HAVE_STDLIB_H 1
| #define HAVE_STRING_H 1
| #define HAVE_MEMORY_H 1
| #define HAVE_STRINGS_H 1
| #define HAVE_INTTYPES_H 1
| #define HAVE_STDINT_H 1
| #define HAVE_UNISTD_H 1
| #define HAVE_DLFCN_H 1
| /* end confdefs.h.  */
| extern "C" void std::exit (int) throw (); using std::exit;
| #include <stdlib.h>
| int
| main ()
| {
| exit (42);
|   ;
|   return 0;
| }
configure:5623: g++ -c -g -O2  conftest.cc >&5
conftest.cc:23:31: error: 'void std::exit(int)' should have been declared inside 'std'
 extern "C" void std::exit (int); using std::exit;
                               ^
In file included from conftest.cc:24:0:
/usr/include/stdlib.h:542:70: error: declaration of 'void std::exit(int) throw ()' has a different exception specifier
 extern void exit (int __status) __THROW __attribute__ ((__noreturn__));
                                                                      ^
conftest.cc:23:17: error: from previous declaration 'void std::exit(int)'
 extern "C" void std::exit (int); using std::exit;
                 ^
configure:5629: $? = 1
configure: failed program was:
| /* confdefs.h.  */
| 
| #define PACKAGE_NAME "lzo"
| #define PACKAGE_TARNAME "lzo"
| #define PACKAGE_VERSION "2.02"
| #define PACKAGE_STRING "lzo 2.02"
| #define PACKAGE_BUGREPORT "markus@oberhumer.com"
| #define LZO_ABI_LITTLE_ENDIAN 1
| #define PACKAGE "lzo"
| #define VERSION "2.02"
| #define STDC_HEADERS 1
| #define HAVE_SYS_TYPES_H 1
| #define HAVE_SYS_STAT_H 1
| #define HAVE_STDLIB_H 1
| #define HAVE_STRING_H 1
| #define HAVE_MEMORY_H 1
| #define HAVE_STRINGS_H 1
| #define HAVE_INTTYPES_H 1
| #define HAVE_STDINT_H 1
| #define HAVE_UNISTD_H 1
| #define HAVE_DLFCN_H 1
| /* end confdefs.h.  */
| extern "C" void std::exit (int); using std::exit;
| #include <stdlib.h>
| int
| main ()
| {
| exit (42);
|   ;
|   return 0;
| }
configure:5623: g++ -c -g -O2  conftest.cc >&5
configure:5629: $? = 0
configure:5632: test -z 			 || test ! -s conftest.err
configure:5635: $? = 0
configure:5638: test -s conftest.o
configure:5641: $? = 0
configure:5667: g++ -c -g -O2  conftest.cc >&5
configure:5673: $? = 0
configure:5676: test -z 			 || test ! -s conftest.err
configure:5679: $? = 0
configure:5682: test -s conftest.o
configure:5685: $? = 0
configure:5710: checking dependency style of g++
configure:5800: result: gcc3
configure:5822: checking how to run the C++ preprocessor
configure:5853: g++ -E  conftest.cc
configure:5859: $? = 0
configure:5891: g++ -E  conftest.cc
conftest.cc:26:28: fatal error: ac_nonexistent.h: No such file or directory
 #include <ac_nonexistent.h>
                            ^
compilation terminated.
configure:5897: $? = 1
configure: failed program was:
| /* confdefs.h.  */
| 
| #define PACKAGE_NAME "lzo"
| #define PACKAGE_TARNAME "lzo"
| #define PACKAGE_VERSION "2.02"
| #define PACKAGE_STRING "lzo 2.02"
| #define PACKAGE_BUGREPORT "markus@oberhumer.com"
| #define LZO_ABI_LITTLE_ENDIAN 1
| #define PACKAGE "lzo"
| #define VERSION "2.02"
| #define STDC_HEADERS 1
| #define HAVE_SYS_TYPES_H 1
| #define HAVE_SYS_STAT_H 1
| #define HAVE_STDLIB_H 1
| #define HAVE_STRING_H 1
| #define HAVE_MEMORY_H 1
| #define HAVE_STRINGS_H 1
| #define HAVE_INTTYPES_H 1
| #define HAVE_STDINT_H 1
| #define HAVE_UNISTD_H 1
| #define HAVE_DLFCN_H 1
| #ifdef __cplusplus
| extern "C" void exit (int) throw ();
| #endif
| /* end confdefs.h.  */
| #include <ac_nonexistent.h>
configure:5936: result: g++ -E
configure:5960: g++ -E  conftest.cc
configure:5966: $? = 0
configure:5998: g++ -E  conftest.cc
conftest.cc:26:28: fatal error: ac_nonexistent.h: No such file or directory
 #include <ac_nonexistent.h>
                            ^
compilation terminated.
configure:6004: $? = 1
configure: failed program was:
| /* confdefs.h.  */
| 
| #define PACKAGE_NAME "lzo"
| #define PACKAGE_TARNAME "lzo"
| #define PACKAGE_VERSION "2.02"
| #define PACKAGE_STRING "lzo 2.02"
| #define PACKAGE_BUGREPORT "markus@oberhumer.com"
| #define LZO_ABI_LITTLE_ENDIAN 1
| #define PACKAGE "lzo"
| #define VERSION "2.02"
| #define STDC_HEADERS 1
| #define HAVE_SYS_TYPES_H 1
| #define HAVE_SYS_STAT_H 1
| #define HAVE_STDLIB_H 1
| #define HAVE_STRING_H 1
| #define HAVE_MEMORY_H 1
| #define HAVE_STRINGS_H 1
| #define HAVE_INTTYPES_H 1
| #define HAVE_STDINT_H 1
| #define HAVE_UNISTD_H 1
| #define HAVE_DLFCN_H 1
| #ifdef __cplusplus
| extern "C" void exit (int) throw ();
| #endif
| /* end confdefs.h.  */
| #include <ac_nonexistent.h>
configure:6099: checking for g77
configure:6128: result: no
configure:6099: checking for f77
configure:6128: result: no
configure:6099: checking for xlf
configure:6128: result: no
configure:6099: checking for frt
configure:6128: result: no
configure:6099: checking for pgf77
configure:6128: result: no
configure:6099: checking for fort77
configure:6128: result: no
configure:6099: checking for fl32
configure:6128: result: no
configure:6099: checking for af77
configure:6128: result: no
configure:6099: checking for f90
configure:6128: result: no
configure:6099: checking for xlf90
configure:6128: result: no
configure:6099: checking for pgf90
configure:6128: result: no
configure:6099: checking for epcf90
configure:6128: result: no
configure:6099: checking for f95
configure:6128: result: no
configure:6099: checking for fort
configure:6128: result: no
configure:6099: checking for xlf95
configure:6128: result: no
configure:6099: checking for ifc
configure:6128: result: no
configure:6099: checking for efc
configure:6128: result: no
configure:6099: checking for pgf95
configure:6128: result: no
configure:6099: checking for lf95
configure:6128: result: no
configure:6099: checking for gfortran
configure:6128: result: no
configure:6140: checking for Fortran 77 compiler version
configure:6143:  --version </dev/null >&5
./configure: line 6144: --version: command not found
configure:6146: $? = 127
configure:6148:  -v </dev/null >&5
./configure: line 6149: -v: command not found
configure:6151: $? = 127
configure:6153:  -V </dev/null >&5
./configure: line 6154: -V: command not found
configure:6156: $? = 127
configure:6164: checking whether we are using the GNU Fortran 77 compiler
configure:6178:  -c  conftest.F >&5
./configure: line 6179: -c: command not found
configure:6184: $? = 127
configure: failed program was:
|       program main
| #ifndef __GNUC__
|        choke me
| #endif
| 
|       end
configure:6209: result: no
configure:6215: checking whether  accepts -g
configure:6227:  -c -g conftest.f >&5
./configure: line 6228: -c: command not found
configure:6233: $? = 127
configure: failed program was:
|       program main
| 
|       end
configure:6257: result: no
configure:6287: checking the maximum length of command line arguments
configure:6352: result: 32768
configure:6363: checking command to parse /usr/bin/nm -B output from gcc object
configure:6452: gcc -c -g -O2  conftest.c >&5
configure:6455: $? = 0
configure:6459: /usr/bin/nm -B conftest.o \| sed -n -e 's/^.*[ 	]\([ABCDGIRSTW][ABCDGIRSTW]*\)[ 	][ 	]*\(\)\([_A-Za-z][_A-Za-z0-9]*\)$/\1 \2\3 \3/p' \> conftest.nm
configure:6462: $? = 0
configure:6514: gcc -o conftest -g -O2   conftest.c conftstm.o >&5
configure:6517: $? = 0
configure:6555: result: ok
configure:6559: checking for objdir
configure:6574: result: .libs
configure:6664: checking for ar
configure:6680: found /usr/bin/ar
configure:6691: result: ar
configure:6744: checking for ranlib
configure:6760: found /usr/bin/ranlib
configure:6771: result: ranlib
configure:6824: checking for strip
configure:6840: found /usr/bin/strip
configure:6851: result: strip
configure:7113: checking if gcc static flag  works
configure:7136: result: yes
configure:7154: checking if gcc supports -fno-rtti -fno-exceptions
configure:7172: gcc -c -g -O2  -fno-rtti -fno-exceptions conftest.c >&5
cc1: warning: command line option '-fno-rtti' is valid for C++/ObjC++ but not for C [enabled by default]
configure:7176: $? = 0
configure:7187: result: no
configure:7202: checking for gcc option to produce PIC
configure:7379: result: -fPIC
configure:7387: checking if gcc PIC flag -fPIC works
configure:7405: gcc -c -g -O2  -fPIC -DPIC conftest.c >&5
configure:7409: $? = 0
configure:7420: result: yes
configure:7444: checking if gcc supports -c -o file.o
configure:7465: gcc -c -g -O2  -o out/conftest2.o conftest.c >&5
configure:7469: $? = 0
configure:7489: result: yes
configure:7515: checking whether the gcc linker (/usr/bin/ld -m elf_x86_64) supports shared libraries
configure:8362: result: yes
configure:8433: checking dynamic linker characteristics
configure:8985: result: GNU/Linux ld.so
configure:8989: checking how to hardcode library paths into programs
configure:9014: result: immediate
configure:9028: checking whether stripping libraries is possible
configure:9033: result: yes
configure:9856: checking if libtool supports shared libraries
configure:9858: result: yes
configure:9861: checking whether to build shared libraries
configure:9919: result: no
configure:9922: checking whether to build static libraries
configure:9926: result: yes
configure:10018: creating libtool
configure:10565: checking for ld used by g++
configure:10632: result: /usr/bin/ld -m elf_x86_64
configure:10641: checking if the linker (/usr/bin/ld -m elf_x86_64) is GNU ld
configure:10656: result: yes
configure:10707: checking whether the g++ linker (/usr/bin/ld -m elf_x86_64) supports shared libraries
configure:11533: result: yes
configure:11551: g++ -c -g -O2  conftest.cc >&5
configure:11554: $? = 0
configure:11650: checking for g++ option to produce PIC
configure:11902: result: -fPIC
configure:11910: checking if g++ PIC flag -fPIC works
configure:11928: g++ -c -g -O2  -fPIC -DPIC conftest.cc >&5
configure:11932: $? = 0
configure:11943: result: yes
configure:11967: checking if g++ supports -c -o file.o
configure:11988: g++ -c -g -O2  -o out/conftest2.o conftest.cc >&5
configure:11992: $? = 0
configure:12012: result: yes
configure:12038: checking whether the g++ linker (/usr/bin/ld -m elf_x86_64) supports shared libraries
configure:12066: result: yes
configure:12137: checking dynamic linker characteristics
configure:12689: result: GNU/Linux ld.so
configure:12693: checking how to hardcode library paths into programs
configure:12718: result: immediate
configure:12732: checking whether stripping libraries is possible
configure:12737: result: yes
configure:20004: checking whether to build assembly versions
configure:20012: gcc -c conftest.S 1>&5
conftest.S:1:68: fatal error: /home/junyel/lzo-2.02/asm/amd64/src_gas/elf64/lzo1x_f1.S: No such file or directory
 #include "/home/junyel/lzo-2.02/asm/amd64/src_gas/elf64/lzo1x_f1.S"
                                                                    ^
compilation terminated.
configure:20015: $? = 1
configure: failed program was:
#include "/home/junyel/lzo-2.02/asm/amd64/src_gas/elf64/lzo1x_f1.S"
configure:20034: result: no
configure:20055: checking whether time.h and sys/time.h may both be included
configure:20080: gcc -c -g -O2  conftest.c >&5
configure:20086: $? = 0
configure:20089: test -z 			 || test ! -s conftest.err
configure:20092: $? = 0
configure:20095: test -s conftest.o
configure:20098: $? = 0
configure:20109: result: yes
configure:20157: checking assert.h usability
configure:20169: gcc -c -g -O2  conftest.c >&5
configure:20175: $? = 0
configure:20178: test -z 			 || test ! -s conftest.err
configure:20181: $? = 0
configure:20184: test -s conftest.o
configure:20187: $? = 0
configure:20197: result: yes
configure:20201: checking assert.h presence
configure:20211: gcc -E  conftest.c
configure:20217: $? = 0
configure:20237: result: yes
configure:20272: checking for assert.h
configure:20279: result: yes
configure:20157: checking ctype.h usability
configure:20169: gcc -c -g -O2  conftest.c >&5
configure:20175: $? = 0
configure:20178: test -z 			 || test ! -s conftest.err
configure:20181: $? = 0
configure:20184: test -s conftest.o
configure:20187: $? = 0
configure:20197: result: yes
configure:20201: checking ctype.h presence
configure:20211: gcc -E  conftest.c
configure:20217: $? = 0
configure:20237: result: yes
configure:20272: checking for ctype.h
configure:20279: result: yes
configure:20157: checking dirent.h usability
configure:20169: gcc -c -g -O2  conftest.c >&5
configure:20175: $? = 0
configure:20178: test -z 			 || test ! -s conftest.err
configure:20181: $? = 0
configure:20184: test -s conftest.o
configure:20187: $? = 0
configure:20197: result: yes
configure:20201: checking dirent.h presence
configure:20211: gcc -E  conftest.c
configure:20217: $? = 0
configure:20237: result: yes
configure:20272: checking for dirent.h
configure:20279: result: yes
configure:20157: checking errno.h usability
configure:20169: gcc -c -g -O2  conftest.c >&5
configure:20175: $? = 0
configure:20178: test -z 			 || test ! -s conftest.err
configure:20181: $? = 0
configure:20184: test -s conftest.o
configure:20187: $? = 0
configure:20197: result: yes
configure:20201: checking errno.h presence
configure:20211: gcc -E  conftest.c
configure:20217: $? = 0
configure:20237: result: yes
configure:20272: checking for errno.h
configure:20279: result: yes
configure:20157: checking fcntl.h usability
configure:20169: gcc -c -g -O2  conftest.c >&5
configure:20175: $? = 0
configure:20178: test -z 			 || test ! -s conftest.err
configure:20181: $? = 0
configure:20184: test -s conftest.o
configure:20187: $? = 0
configure:20197: result: yes
configure:20201: checking fcntl.h presence
configure:20211: gcc -E  conftest.c
configure:20217: $? = 0
configure:20237: result: yes
configure:20272: checking for fcntl.h
configure:20279: result: yes
configure:20157: checking float.h usability
configure:20169: gcc -c -g -O2  conftest.c >&5
configure:20175: $? = 0
configure:20178: test -z 			 || test ! -s conftest.err
configure:20181: $? = 0
configure:20184: test -s conftest.o
configure:20187: $? = 0
configure:20197: result: yes
configure:20201: checking float.h presence
configure:20211: gcc -E  conftest.c
configure:20217: $? = 0
configure:20237: result: yes
configure:20272: checking for float.h
configure:20279: result: yes
configure:20157: checking limits.h usability
configure:20169: gcc -c -g -O2  conftest.c >&5
configure:20175: $? = 0
configure:20178: test -z 			 || test ! -s conftest.err
configure:20181: $? = 0
configure:20184: test -s conftest.o
configure:20187: $? = 0
configure:20197: result: yes
configure:20201: checking limits.h presence
configure:20211: gcc -E  conftest.c
configure:20217: $? = 0
configure:20237: result: yes
configure:20272: checking for limits.h
configure:20279: result: yes
configure:20157: checking malloc.h usability
configure:20169: gcc -c -g -O2  conftest.c >&5
configure:20175: $? = 0
configure:20178: test -z 			 || test ! -s conftest.err
configure:20181: $? = 0
configure:20184: test -s conftest.o
configure:20187: $? = 0
configure:20197: result: yes
configure:20201: checking malloc.h presence
configure:20211: gcc -E  conftest.c
configure:20217: $? = 0
configure:20237: result: yes
configure:20272: checking for malloc.h
configure:20279: result: yes
configure:20148: checking for memory.h
configure:20153: result: yes
configure:20157: checking setjmp.h usability
configure:20169: gcc -c -g -O2  conftest.c >&5
configure:20175: $? = 0
configure:20178: test -z 			 || test ! -s conftest.err
configure:20181: $? = 0
configure:20184: test -s conftest.o
configure:20187: $? = 0
configure:20197: result: yes
configure:20201: checking setjmp.h presence
configure:20211: gcc -E  conftest.c
configure:20217: $? = 0
configure:20237: result: yes
configure:20272: checking for setjmp.h
configure:20279: result: yes
configure:20157: checking signal.h usability
configure:20169: gcc -c -g -O2  conftest.c >&5
configure:20175: $? = 0
configure:20178: test -z 			 || test ! -s conftest.err
configure:20181: $? = 0
configure:20184: test -s conftest.o
configure:20187: $? = 0
configure:20197: result: yes
configure:20201: checking signal.h presence
configure:20211: gcc -E  conftest.c
configure:20217: $? = 0
configure:20237: result: yes
configure:20272: checking for signal.h
configure:20279: result: yes
configure:20157: checking stdarg.h usability
configure:20169: gcc -c -g -O2  conftest.c >&5
configure:20175: $? = 0
configure:20178: test -z 			 || test ! -s conftest.err
configure:20181: $? = 0
configure:20184: test -s conftest.o
configure:20187: $? = 0
configure:20197: result: yes
configure:20201: checking stdarg.h presence
configure:20211: gcc -E  conftest.c
configure:20217: $? = 0
configure:20237: result: yes
configure:20272: checking for stdarg.h
configure:20279: result: yes
configure:20157: checking stddef.h usability
configure:20169: gcc -c -g -O2  conftest.c >&5
configure:20175: $? = 0
configure:20178: test -z 			 || test ! -s conftest.err
configure:20181: $? = 0
configure:20184: test -s conftest.o
configure:20187: $? = 0
configure:20197: result: yes
configure:20201: checking stddef.h presence
configure:20211: gcc -E  conftest.c
configure:20217: $? = 0
configure:20237: result: yes
configure:20272: checking for stddef.h
configure:20279: result: yes
configure:20148: checking for stdint.h
configure:20153: result: yes
configure:20157: checking stdio.h usability
configure:20169: gcc -c -g -O2  conftest.c >&5
configure:20175: $? = 0
configure:20178: test -z 			 || test ! -s conftest.err
configure:20181: $? = 0
configure:20184: test -s conftest.o
configure:20187: $? = 0
configure:20197: result: yes
configure:20201: checking stdio.h presence
configure:20211: gcc -E  conftest.c
configure:20217: $? = 0
configure:20237: result: yes
configure:20272: checking for stdio.h
configure:20279: result: yes
configure:20148: checking for stdlib.h
configure:20153: result: yes
configure:20148: checking for string.h
configure:20153: result: yes
configure:20148: checking for strings.h
configure:20153: result: yes
configure:20157: checking time.h usability
configure:20169: gcc -c -g -O2  conftest.c >&5
configure:20175: $? = 0
configure:20178: test -z 			 || test ! -s conftest.err
configure:20181: $? = 0
configure:20184: test -s conftest.o
configure:20187: $? = 0
configure:20197: result: yes
configure:20201: checking time.h presence
configure:20211: gcc -E  conftest.c
configure:20217: $? = 0
configure:20237: result: yes
configure:20272: checking for time.h
configure:20279: result: yes
configure:20148: checking for unistd.h
configure:20153: result: yes
configure:20157: checking utime.h usability
configure:20169: gcc -c -g -O2  conftest.c >&5
configure:20175: $? = 0
configure:20178: test -z 			 || test ! -s conftest.err
configure:20181: $? = 0
configure:20184: test -s conftest.o
configure:20187: $? = 0
configure:20197: result: yes
configure:20201: checking utime.h presence
configure:20211: gcc -E  conftest.c
configure:20217: $? = 0
configure:20237: result: yes
configure:20272: checking for utime.h
configure:20279: result: yes
configure:20148: checking for sys/stat.h
configure:20153: result: yes
configure:20157: checking sys/time.h usability
configure:20169: gcc -c -g -O2  conftest.c >&5
configure:20175: $? = 0
configure:20178: test -z 			 || test ! -s conftest.err
configure:20181: $? = 0
configure:20184: test -s conftest.o
configure:20187: $? = 0
configure:20197: result: yes
configure:20201: checking sys/time.h presence
configure:20211: gcc -E  conftest.c
configure:20217: $? = 0
configure:20237: result: yes
configure:20272: checking for sys/time.h
configure:20279: result: yes
configure:20148: checking for sys/types.h
configure:20153: result: yes
configure:20157: checking sys/wait.h usability
configure:20169: gcc -c -g -O2  conftest.c >&5
configure:20175: $? = 0
configure:20178: test -z 			 || test ! -s conftest.err
configure:20181: $? = 0
configure:20184: test -s conftest.o
configure:20187: $? = 0
configure:20197: result: yes
configure:20201: checking sys/wait.h presence
configure:20211: gcc -E  conftest.c
configure:20217: $? = 0
configure:20237: result: yes
configure:20272: checking for sys/wait.h
configure:20279: result: yes
configure:20299: checking whether limits.h is sane
configure:20415: gcc -c -g -O2  conftest.c >&5
configure:20421: $? = 0
configure:20424: test -z 			 || test ! -s conftest.err
configure:20427: $? = 0
configure:20430: test -s conftest.o
configure:20433: $? = 0
configure:20444: result: yes
configure:20458: checking for off_t
configure:20482: gcc -c -g -O2  conftest.c >&5
configure:20488: $? = 0
configure:20491: test -z 			 || test ! -s conftest.err
configure:20494: $? = 0
configure:20497: test -s conftest.o
configure:20500: $? = 0
configure:20511: result: yes
configure:20523: checking for ptrdiff_t
configure:20547: gcc -c -g -O2  conftest.c >&5
configure:20553: $? = 0
configure:20556: test -z 			 || test ! -s conftest.err
configure:20559: $? = 0
configure:20562: test -s conftest.o
configure:20565: $? = 0
configure:20576: result: yes
configure:20588: checking for size_t
configure:20612: gcc -c -g -O2  conftest.c >&5
configure:20618: $? = 0
configure:20621: test -z 			 || test ! -s conftest.err
configure:20624: $? = 0
configure:20627: test -s conftest.o
configure:20630: $? = 0
configure:20641: result: yes
configure:20653: checking return type of signal handlers
configure:20684: gcc -c -g -O2  conftest.c >&5
configure:20690: $? = 0
configure:20693: test -z 			 || test ! -s conftest.err
configure:20696: $? = 0
configure:20699: test -s conftest.o
configure:20702: $? = 0
configure:20713: result: void
configure:20723: checking for short
configure:20747: gcc -c -g -O2  conftest.c >&5
configure:20753: $? = 0
configure:20756: test -z 			 || test ! -s conftest.err
configure:20759: $? = 0
configure:20762: test -s conftest.o
configure:20765: $? = 0
configure:20776: result: yes
configure:20779: checking size of short
configure:21091: gcc -o conftest -g -O2   conftest.c  >&5
configure:21094: $? = 0
configure:21096: ./conftest
configure:21099: $? = 0
configure:21122: result: 2
configure:21129: checking for int
configure:21153: gcc -c -g -O2  conftest.c >&5
configure:21159: $? = 0
configure:21162: test -z 			 || test ! -s conftest.err
configure:21165: $? = 0
configure:21168: test -s conftest.o
configure:21171: $? = 0
configure:21182: result: yes
configure:21185: checking size of int
configure:21497: gcc -o conftest -g -O2   conftest.c  >&5
configure:21500: $? = 0
configure:21502: ./conftest
configure:21505: $? = 0
configure:21528: result: 4
configure:21535: checking for long
configure:21559: gcc -c -g -O2  conftest.c >&5
configure:21565: $? = 0
configure:21568: test -z 			 || test ! -s conftest.err
configure:21571: $? = 0
configure:21574: test -s conftest.o
configure:21577: $? = 0
configure:21588: result: yes
configure:21591: checking size of long
configure:21903: gcc -o conftest -g -O2   conftest.c  >&5
configure:21906: $? = 0
configure:21908: ./conftest
configure:21911: $? = 0
configure:21934: result: 8
configure:21942: checking for long long
configure:21966: gcc -c -g -O2  conftest.c >&5
configure:21972: $? = 0
configure:21975: test -z 			 || test ! -s conftest.err
configure:21978: $? = 0
configure:21981: test -s conftest.o
configure:21984: $? = 0
configure:21995: result: yes
configure:21998: checking size of long long
configure:22310: gcc -o conftest -g -O2   conftest.c  >&5
configure:22313: $? = 0
configure:22315: ./conftest
configure:22318: $? = 0
configure:22341: result: 8
configure:22348: checking for __int16
configure:22372: gcc -c -g -O2  conftest.c >&5
conftest.c: In function 'main':
conftest.c:94:6: error: '__int16' undeclared (first use in this function)
 if ((__int16 *) 0)
      ^
conftest.c:94:6: note: each undeclared identifier is reported only once for each function it appears in
conftest.c:94:15: error: expected expression before ')' token
 if ((__int16 *) 0)
               ^
configure:22378: $? = 1
configure: failed program was:
| /* confdefs.h.  */
| 
| #define PACKAGE_NAME "lzo"
| #define PACKAGE_TARNAME "lzo"
| #define PACKAGE_VERSION "2.02"
| #define PACKAGE_STRING "lzo 2.02"
| #define PACKAGE_BUGREPORT "markus@oberhumer.com"
| #define LZO_ABI_LITTLE_ENDIAN 1
| #define PACKAGE "lzo"
| #define VERSION "2.02"
| #define STDC_HEADERS 1
| #define HAVE_SYS_TYPES_H 1
| #define HAVE_SYS_STAT_H 1
| #define HAVE_STDLIB_H 1
| #define HAVE_STRING_H 1
| #define HAVE_MEMORY_H 1
| #define HAVE_STRINGS_H 1
| #define HAVE_INTTYPES_H 1
| #define HAVE_STDINT_H 1
| #define HAVE_UNISTD_H 1
| #define HAVE_DLFCN_H 1
| #ifdef __cplusplus
| extern "C" void exit (int) throw ();
| #endif
| #define TIME_WITH_SYS_TIME 1
| #define HAVE_ASSERT_H 1
| #define HAVE_CTYPE_H 1
| #define HAVE_DIRENT_H 1
| #define HAVE_ERRNO_H 1
| #define HAVE_FCNTL_H 1
| #define HAVE_FLOAT_H 1
| #define HAVE_LIMITS_H 1
| #define HAVE_MALLOC_H 1
| #define HAVE_MEMORY_H 1
| #define HAVE_SETJMP_H 1
| #define HAVE_SIGNAL_H 1
| #define HAVE_STDARG_H 1
| #define HAVE_STDDEF_H 1
| #define HAVE_STDINT_H 1
| #define HAVE_STDIO_H 1
| #define HAVE_STDLIB_H 1
| #define HAVE_STRING_H 1
| #define HAVE_STRINGS_H 1
| #define HAVE_TIME_H 1
| #define HAVE_UNISTD_H 1
| #define HAVE_UTIME_H 1
| #define HAVE_SYS_STAT_H 1
| #define HAVE_SYS_TIME_H 1
| #define HAVE_SYS_TYPES_H 1
| #define HAVE_SYS_WAIT_H 1
| #define RETSIGTYPE void
| #define SIZEOF_SHORT 2
| #define SIZEOF_INT 4
| #define SIZEOF_LONG 8
| #define SIZEOF_LONG_LONG 8
| /* end confdefs.h.  */
| #include <stdio.h>
| #if HAVE_SYS_TYPES_H
| # include <sys/types.h>
| #endif
| #if HAVE_SYS_STAT_H
| # include <sys/stat.h>
| #endif
| #if STDC_HEADERS
| # include <stdlib.h>
| # include <stddef.h>
| #else
| # if HAVE_STDLIB_H
| #  include <stdlib.h>
| # endif
| #endif
| #if HAVE_STRING_H
| # if !STDC_HEADERS && HAVE_MEMORY_H
| #  include <memory.h>
| # endif
| # include <string.h>
| #endif
| #if HAVE_STRINGS_H
| # include <strings.h>
| #endif
| #if HAVE_INTTYPES_H
| # include <inttypes.h>
| #else
| # if HAVE_STDINT_H
| #  include <stdint.h>
| # endif
| #endif
| #if HAVE_UNISTD_H
| # include <unistd.h>
| #endif
| int
| main ()
| {
| if ((__int16 *) 0)
|   return 0;
| if (sizeof (__int16))
|   return 0;
|   ;
|   return 0;
| }
configure:22401: result: no
configure:22404: checking size of __int16
configure:22747: result: 0
configure:22754: checking for __int32
configure:22778: gcc -c -g -O2  conftest.c >&5
conftest.c: In function 'main':
conftest.c:95:6: error: '__int32' undeclared (first use in this function)
 if ((__int32 *) 0)
      ^
conftest.c:95:6: note: each undeclared identifier is reported only once for each function it appears in
conftest.c:95:15: error: expected expression before ')' token
 if ((__int32 *) 0)
               ^
configure:22784: $? = 1
configure: failed program was:
| /* confdefs.h.  */
| 
| #define PACKAGE_NAME "lzo"
| #define PACKAGE_TARNAME "lzo"
| #define PACKAGE_VERSION "2.02"
| #define PACKAGE_STRING "lzo 2.02"
| #define PACKAGE_BUGREPORT "markus@oberhumer.com"
| #define LZO_ABI_LITTLE_ENDIAN 1
| #define PACKAGE "lzo"
| #define VERSION "2.02"
| #define STDC_HEADERS 1
| #define HAVE_SYS_TYPES_H 1
| #define HAVE_SYS_STAT_H 1
| #define HAVE_STDLIB_H 1
| #define HAVE_STRING_H 1
| #define HAVE_MEMORY_H 1
| #define HAVE_STRINGS_H 1
| #define HAVE_INTTYPES_H 1
| #define HAVE_STDINT_H 1
| #define HAVE_UNISTD_H 1
| #define HAVE_DLFCN_H 1
| #ifdef __cplusplus
| extern "C" void exit (int) throw ();
| #endif
| #define TIME_WITH_SYS_TIME 1
| #define HAVE_ASSERT_H 1
| #define HAVE_CTYPE_H 1
| #define HAVE_DIRENT_H 1
| #define HAVE_ERRNO_H 1
| #define HAVE_FCNTL_H 1
| #define HAVE_FLOAT_H 1
| #define HAVE_LIMITS_H 1
| #define HAVE_MALLOC_H 1
| #define HAVE_MEMORY_H 1
| #define HAVE_SETJMP_H 1
| #define HAVE_SIGNAL_H 1
| #define HAVE_STDARG_H 1
| #define HAVE_STDDEF_H 1
| #define HAVE_STDINT_H 1
| #define HAVE_STDIO_H 1
| #define HAVE_STDLIB_H 1
| #define HAVE_STRING_H 1
| #define HAVE_STRINGS_H 1
| #define HAVE_TIME_H 1
| #define HAVE_UNISTD_H 1
| #define HAVE_UTIME_H 1
| #define HAVE_SYS_STAT_H 1
| #define HAVE_SYS_TIME_H 1
| #define HAVE_SYS_TYPES_H 1
| #define HAVE_SYS_WAIT_H 1
| #define RETSIGTYPE void
| #define SIZEOF_SHORT 2
| #define SIZEOF_INT 4
| #define SIZEOF_LONG 8
| #define SIZEOF_LONG_LONG 8
| #define SIZEOF___INT16 0
| /* end confdefs.h.  */
| #include <stdio.h>
| #if HAVE_SYS_TYPES_H
| # include <sys/types.h>
| #endif
| #if HAVE_SYS_STAT_H
| # include <sys/stat.h>
| #endif
| #if STDC_HEADERS
| # include <stdlib.h>
| # include <stddef.h>
| #else
| # if HAVE_STDLIB_H
| #  include <stdlib.h>
| # endif
| #endif
| #if HAVE_STRING_H
| # if !STDC_HEADERS && HAVE_MEMORY_H
| #  include <memory.h>
| # endif
| # include <string.h>
| #endif
| #if HAVE_STRINGS_H
| # include <strings.h>
| #endif
| #if HAVE_INTTYPES_H
| # include <inttypes.h>
| #else
| # if HAVE_STDINT_H
| #  include <stdint.h>
| # endif
| #endif
| #if HAVE_UNISTD_H
| # include <unistd.h>
| #endif
| int
| main ()
| {
| if ((__int32 *) 0)
|   return 0;
| if (sizeof (__int32))
|   return 0;
|   ;
|   return 0;
| }
configure:22807: result: no
configure:22810: checking size of __int32
configure:23153: result: 0
configure:23160: checking for __int64
configure:23184: gcc -c -g -O2  conftest.c >&5
conftest.c: In function 'main':
conftest.c:96:6: error: '__int64' undeclared (first use in this function)
 if ((__int64 *) 0)
      ^
conftest.c:96:6: note: each undeclared identifier is reported only once for each function it appears in
conftest.c:96:15: error: expected expression before ')' token
 if ((__int64 *) 0)
               ^
configure:23190: $? = 1
configure: failed program was:
| /* confdefs.h.  */
| 
| #define PACKAGE_NAME "lzo"
| #define PACKAGE_TARNAME "lzo"
| #define PACKAGE_VERSION "2.02"
| #define PACKAGE_STRING "lzo 2.02"
| #define PACKAGE_BUGREPORT "markus@oberhumer.com"
| #define LZO_ABI_LITTLE_ENDIAN 1
| #define PACKAGE "lzo"
| #define VERSION "2.02"
| #define STDC_HEADERS 1
| #define HAVE_SYS_TYPES_H 1
| #define HAVE_SYS_STAT_H 1
| #define HAVE_STDLIB_H 1
| #define HAVE_STRING_H 1
| #define HAVE_MEMORY_H 1
| #define HAVE_STRINGS_H 1
| #define HAVE_INTTYPES_H 1
| #define HAVE_STDINT_H 1
| #define HAVE_UNISTD_H 1
| #define HAVE_DLFCN_H 1
| #ifdef __cplusplus
| extern "C" void exit (int) throw ();
| #endif
| #define TIME_WITH_SYS_TIME 1
| #define HAVE_ASSERT_H 1
| #define HAVE_CTYPE_H 1
| #define HAVE_DIRENT_H 1
| #define HAVE_ERRNO_H 1
| #define HAVE_FCNTL_H 1
| #define HAVE_FLOAT_H 1
| #define HAVE_LIMITS_H 1
| #define HAVE_MALLOC_H 1
| #define HAVE_MEMORY_H 1
| #define HAVE_SETJMP_H 1
| #define HAVE_SIGNAL_H 1
| #define HAVE_STDARG_H 1
| #define HAVE_STDDEF_H 1
| #define HAVE_STDINT_H 1
| #define HAVE_STDIO_H 1
| #define HAVE_STDLIB_H 1
| #define HAVE_STRING_H 1
| #define HAVE_STRINGS_H 1
| #define HAVE_TIME_H 1
| #define HAVE_UNISTD_H 1
| #define HAVE_UTIME_H 1
| #define HAVE_SYS_STAT_H 1
| #define HAVE_SYS_TIME_H 1
| #define HAVE_SYS_TYPES_H 1
| #define HAVE_SYS_WAIT_H 1
| #define RETSIGTYPE void
| #define SIZEOF_SHORT 2
| #define SIZEOF_INT 4
| #define SIZEOF_LONG 8
| #define SIZEOF_LONG_LONG 8
| #define SIZEOF___INT16 0
| #define SIZEOF___INT32 0
| /* end confdefs.h.  */
| #include <stdio.h>
| #if HAVE_SYS_TYPES_H
| # include <sys/types.h>
| #endif
| #if HAVE_SYS_STAT_H
| # include <sys/stat.h>
| #endif
| #if STDC_HEADERS
| # include <stdlib.h>
| # include <stddef.h>
| #else
| # if HAVE_STDLIB_H
| #  include <stdlib.h>
| # endif
| #endif
| #if HAVE_STRING_H
| # if !STDC_HEADERS && HAVE_MEMORY_H
| #  include <memory.h>
| # endif
| # include <string.h>
| #endif
| #if HAVE_STRINGS_H
| # include <strings.h>
| #endif
| #if HAVE_INTTYPES_H
| # include <inttypes.h>
| #else
| # if HAVE_STDINT_H
| #  include <stdint.h>
| # endif
| #endif
| #if HAVE_UNISTD_H
| # include <unistd.h>
| #endif
| int
| main ()
| {
| if ((__int64 *) 0)
|   return 0;
| if (sizeof (__int64))
|   return 0;
|   ;
|   return 0;
| }
configure:23213: result: no
configure:23216: checking size of __int64
configure:23559: result: 0
configure:23567: checking for void *
configure:23591: gcc -c -g -O2  conftest.c >&5
configure:23597: $? = 0
configure:23600: test -z 			 || test ! -s conftest.err
configure:23603: $? = 0
configure:23606: test -s conftest.o
configure:23609: $? = 0
configure:23620: result: yes
configure:23623: checking size of void *
configure:23935: gcc -o conftest -g -O2   conftest.c  >&5
configure:23938: $? = 0
configure:23940: ./conftest
configure:23943: $? = 0
configure:23966: result: 8
configure:23973: checking for size_t
configure:24026: result: yes
configure:24029: checking size of size_t
configure:24341: gcc -o conftest -g -O2   conftest.c  >&5
configure:24344: $? = 0
configure:24346: ./conftest
configure:24349: $? = 0
configure:24372: result: 8
configure:24379: checking for ptrdiff_t
configure:24432: result: yes
configure:24435: checking size of ptrdiff_t
configure:24747: gcc -o conftest -g -O2   conftest.c  >&5
configure:24750: $? = 0
configure:24752: ./conftest
configure:24755: $? = 0
configure:24778: result: 8
configure:24787: checking for __int32
configure:24840: result: no
configure:24843: checking size of __int32
configure:25186: result: 0
configure:25193: checking for intmax_t
configure:25217: gcc -c -g -O2  conftest.c >&5
configure:25223: $? = 0
configure:25226: test -z 			 || test ! -s conftest.err
configure:25229: $? = 0
configure:25232: test -s conftest.o
configure:25235: $? = 0
configure:25246: result: yes
configure:25249: checking size of intmax_t
configure:25561: gcc -o conftest -g -O2   conftest.c  >&5
configure:25564: $? = 0
configure:25566: ./conftest
configure:25569: $? = 0
configure:25592: result: 8
configure:25599: checking for uintmax_t
configure:25623: gcc -c -g -O2  conftest.c >&5
configure:25629: $? = 0
configure:25632: test -z 			 || test ! -s conftest.err
configure:25635: $? = 0
configure:25638: test -s conftest.o
configure:25641: $? = 0
configure:25652: result: yes
configure:25655: checking size of uintmax_t
configure:25967: gcc -o conftest -g -O2   conftest.c  >&5
configure:25970: $? = 0
configure:25972: ./conftest
configure:25975: $? = 0
configure:25998: result: 8
configure:26005: checking for intptr_t
configure:26029: gcc -c -g -O2  conftest.c >&5
configure:26035: $? = 0
configure:26038: test -z 			 || test ! -s conftest.err
configure:26041: $? = 0
configure:26044: test -s conftest.o
configure:26047: $? = 0
configure:26058: result: yes
configure:26061: checking size of intptr_t
configure:26373: gcc -o conftest -g -O2   conftest.c  >&5
configure:26376: $? = 0
configure:26378: ./conftest
configure:26381: $? = 0
configure:26404: result: 8
configure:26411: checking for uintptr_t
configure:26435: gcc -c -g -O2  conftest.c >&5
configure:26441: $? = 0
configure:26444: test -z 			 || test ! -s conftest.err
configure:26447: $? = 0
configure:26450: test -s conftest.o
configure:26453: $? = 0
configure:26464: result: yes
configure:26467: checking size of uintptr_t
configure:26779: gcc -o conftest -g -O2   conftest.c  >&5
configure:26782: $? = 0
configure:26784: ./conftest
configure:26787: $? = 0
configure:26810: result: 8
configure:26818: checking for float
configure:26842: gcc -c -g -O2  conftest.c >&5
configure:26848: $? = 0
configure:26851: test -z 			 || test ! -s conftest.err
configure:26854: $? = 0
configure:26857: test -s conftest.o
configure:26860: $? = 0
configure:26871: result: yes
configure:26874: checking size of float
configure:27186: gcc -o conftest -g -O2   conftest.c  >&5
configure:27189: $? = 0
configure:27191: ./conftest
configure:27194: $? = 0
configure:27217: result: 4
configure:27224: checking for double
configure:27248: gcc -c -g -O2  conftest.c >&5
configure:27254: $? = 0
configure:27257: test -z 			 || test ! -s conftest.err
configure:27260: $? = 0
configure:27263: test -s conftest.o
configure:27266: $? = 0
configure:27277: result: yes
configure:27280: checking size of double
configure:27592: gcc -o conftest -g -O2   conftest.c  >&5
configure:27595: $? = 0
configure:27597: ./conftest
configure:27600: $? = 0
configure:27623: result: 8
configure:27630: checking for long double
configure:27654: gcc -c -g -O2  conftest.c >&5
configure:27660: $? = 0
configure:27663: test -z 			 || test ! -s conftest.err
configure:27666: $? = 0
configure:27669: test -s conftest.o
configure:27672: $? = 0
configure:27683: result: yes
configure:27686: checking size of long double
configure:27998: gcc -o conftest -g -O2   conftest.c  >&5
configure:28001: $? = 0
configure:28003: ./conftest
configure:28006: $? = 0
configure:28029: result: 16
configure:28037: checking for dev_t
configure:28061: gcc -c -g -O2  conftest.c >&5
configure:28067: $? = 0
configure:28070: test -z 			 || test ! -s conftest.err
configure:28073: $? = 0
configure:28076: test -s conftest.o
configure:28079: $? = 0
configure:28090: result: yes
configure:28093: checking size of dev_t
configure:28405: gcc -o conftest -g -O2   conftest.c  >&5
configure:28408: $? = 0
configure:28410: ./conftest
configure:28413: $? = 0
configure:28436: result: 8
configure:28443: checking for fpos_t
configure:28467: gcc -c -g -O2  conftest.c >&5
configure:28473: $? = 0
configure:28476: test -z 			 || test ! -s conftest.err
configure:28479: $? = 0
configure:28482: test -s conftest.o
configure:28485: $? = 0
configure:28496: result: yes
configure:28499: checking size of fpos_t
configure:28811: gcc -o conftest -g -O2   conftest.c  >&5
configure:28814: $? = 0
configure:28816: ./conftest
configure:28819: $? = 0
configure:28842: result: 16
configure:28849: checking for mode_t
configure:28873: gcc -c -g -O2  conftest.c >&5
configure:28879: $? = 0
configure:28882: test -z 			 || test ! -s conftest.err
configure:28885: $? = 0
configure:28888: test -s conftest.o
configure:28891: $? = 0
configure:28902: result: yes
configure:28905: checking size of mode_t
configure:29217: gcc -o conftest -g -O2   conftest.c  >&5
configure:29220: $? = 0
configure:29222: ./conftest
configure:29225: $? = 0
configure:29248: result: 4
configure:29255: checking for off_t
configure:29308: result: yes
configure:29311: checking size of off_t
configure:29623: gcc -o conftest -g -O2   conftest.c  >&5
configure:29626: $? = 0
configure:29628: ./conftest
configure:29631: $? = 0
configure:29654: result: 8
configure:29661: checking for ssize_t
configure:29685: gcc -c -g -O2  conftest.c >&5
configure:29691: $? = 0
configure:29694: test -z 			 || test ! -s conftest.err
configure:29697: $? = 0
configure:29700: test -s conftest.o
configure:29703: $? = 0
configure:29714: result: yes
configure:29717: checking size of ssize_t
configure:30029: gcc -o conftest -g -O2   conftest.c  >&5
configure:30032: $? = 0
configure:30034: ./conftest
configure:30037: $? = 0
configure:30060: result: 8
configure:30067: checking for time_t
configure:30091: gcc -c -g -O2  conftest.c >&5
configure:30097: $? = 0
configure:30100: test -z 			 || test ! -s conftest.err
configure:30103: $? = 0
configure:30106: test -s conftest.o
configure:30109: $? = 0
configure:30120: result: yes
configure:30123: checking size of time_t
configure:30435: gcc -o conftest -g -O2   conftest.c  >&5
configure:30438: $? = 0
configure:30440: ./conftest
configure:30443: $? = 0
configure:30466: result: 8
configure:30523: checking for access
configure:30580: gcc -o conftest -g -O2   conftest.c  >&5
configure:30586: $? = 0
configure:30589: test -z 			 || test ! -s conftest.err
configure:30592: $? = 0
configure:30595: test -s conftest
configure:30598: $? = 0
configure:30610: result: yes
configure:30523: checking for alloca
configure:30580: gcc -o conftest -g -O2   conftest.c  >&5
conftest.c:102:6: warning: conflicting types for built-in function 'alloca' [enabled by default]
 char alloca ();
      ^
/tmp/ccONMBs2.o:(.data+0x0): undefined reference to `alloca'
/tmp/ccONMBs2.o: In function `main':
/home/junyel/lzo-2.02/conftest.c:118: undefined reference to `alloca'
collect2: error: ld returned 1 exit status
configure:30586: $? = 1
configure: failed program was:
| /* confdefs.h.  */
| 
| #define PACKAGE_NAME "lzo"
| #define PACKAGE_TARNAME "lzo"
| #define PACKAGE_VERSION "2.02"
| #define PACKAGE_STRING "lzo 2.02"
| #define PACKAGE_BUGREPORT "markus@oberhumer.com"
| #define LZO_ABI_LITTLE_ENDIAN 1
| #define PACKAGE "lzo"
| #define VERSION "2.02"
| #define STDC_HEADERS 1
| #define HAVE_SYS_TYPES_H 1
| #define HAVE_SYS_STAT_H 1
| #define HAVE_STDLIB_H 1
| #define HAVE_STRING_H 1
| #define HAVE_MEMORY_H 1
| #define HAVE_STRINGS_H 1
| #define HAVE_INTTYPES_H 1
| #define HAVE_STDINT_H 1
| #define HAVE_UNISTD_H 1
| #define HAVE_DLFCN_H 1
| #ifdef __cplusplus
| extern "C" void exit (int) throw ();
| #endif
| #define TIME_WITH_SYS_TIME 1
| #define HAVE_ASSERT_H 1
| #define HAVE_CTYPE_H 1
| #define HAVE_DIRENT_H 1
| #define HAVE_ERRNO_H 1
| #define HAVE_FCNTL_H 1
| #define HAVE_FLOAT_H 1
| #define HAVE_LIMITS_H 1
| #define HAVE_MALLOC_H 1
| #define HAVE_MEMORY_H 1
| #define HAVE_SETJMP_H 1
| #define HAVE_SIGNAL_H 1
| #define HAVE_STDARG_H 1
| #define HAVE_STDDEF_H 1
| #define HAVE_STDINT_H 1
| #define HAVE_STDIO_H 1
| #define HAVE_STDLIB_H 1
| #define HAVE_STRING_H 1
| #define HAVE_STRINGS_H 1
| #define HAVE_TIME_H 1
| #define HAVE_UNISTD_H 1
| #define HAVE_UTIME_H 1
| #define HAVE_SYS_STAT_H 1
| #define HAVE_SYS_TIME_H 1
| #define HAVE_SYS_TYPES_H 1
| #define HAVE_SYS_WAIT_H 1
| #define RETSIGTYPE void
| #define SIZEOF_SHORT 2
| #define SIZEOF_INT 4
| #define SIZEOF_LONG 8
| #define SIZEOF_LONG_LONG 8
| #define SIZEOF___INT16 0
| #define SIZEOF___INT32 0
| #define SIZEOF___INT64 0
| #define SIZEOF_VOID_P 8
| #define SIZEOF_SIZE_T 8
| #define SIZEOF_PTRDIFF_T 8
| #define SIZEOF___INT32 0
| #define SIZEOF_INTMAX_T 8
| #define SIZEOF_UINTMAX_T 8
| #define SIZEOF_INTPTR_T 8
| #define SIZEOF_UINTPTR_T 8
| #define SIZEOF_FLOAT 4
| #define SIZEOF_DOUBLE 8
| #define SIZEOF_LONG_DOUBLE 16
| #define SIZEOF_DEV_T 8
| #define SIZEOF_FPOS_T 16
| #define SIZEOF_MODE_T 4
| #define SIZEOF_OFF_T 8
| #define SIZEOF_SSIZE_T 8
| #define SIZEOF_TIME_T 8
| #define HAVE_ACCESS 1
| /* end confdefs.h.  */
| /* Define alloca to an innocuous variant, in case <limits.h> declares alloca.
|    For example, HP-UX 11i <limits.h> declares gettimeofday.  */
| #define alloca innocuous_alloca
| 
| /* System header to define __stub macros and hopefully few prototypes,
|     which can conflict with char alloca (); below.
|     Prefer <limits.h> to <assert.h> if __STDC__ is defined, since
|     <limits.h> exists even on freestanding compilers.  */
| 
| #ifdef __STDC__
| # include <limits.h>
| #else
| # include <assert.h>
| #endif
| 
| #undef alloca
| 
| /* Override any gcc2 internal prototype to avoid an error.  */
| #ifdef __cplusplus
| extern "C"
| {
| #endif
| /* We use char because int might match the return type of a gcc2
|    builtin and then its argument prototype would still apply.  */
| char alloca ();
| /* The GNU C library defines this for functions which it implements
|     to always fail with ENOSYS.  Some functions are actually named
|     something starting with __ and the normal name is an alias.  */
| #if defined (__stub_alloca) || defined (__stub___alloca)
| choke me
| #else
| char (*f) () = alloca;
| #endif
| #ifdef __cplusplus
| }
| #endif
| 
| int
| main ()
| {
| return f != alloca;
|   ;
|   return 0;
| }
configure:30610: result: no
configure:30523: checking for atexit
configure:30580: gcc -o conftest -g -O2   conftest.c  >&5
configure:30586: $? = 0
configure:30589: test -z 			 || test ! -s conftest.err
configure:30592: $? = 0
configure:30595: test -s conftest
configure:30598: $? = 0
configure:30610: result: yes
configure:30523: checking for atoi
configure:30580: gcc -o conftest -g -O2   conftest.c  >&5
configure:30586: $? = 0
configure:30589: test -z 			 || test ! -s conftest.err
configure:30592: $? = 0
configure:30595: test -s conftest
configure:30598: $? = 0
configure:30610: result: yes
configure:30523: checking for atol
configure:30580: gcc -o conftest -g -O2   conftest.c  >&5
configure:30586: $? = 0
configure:30589: test -z 			 || test ! -s conftest.err
configure:30592: $? = 0
configure:30595: test -s conftest
configure:30598: $? = 0
configure:30610: result: yes
configure:30523: checking for chmod
configure:30580: gcc -o conftest -g -O2   conftest.c  >&5
configure:30586: $? = 0
configure:30589: test -z 			 || test ! -s conftest.err
configure:30592: $? = 0
configure:30595: test -s conftest
configure:30598: $? = 0
configure:30610: result: yes
configure:30523: checking for chown
configure:30580: gcc -o conftest -g -O2   conftest.c  >&5
configure:30586: $? = 0
configure:30589: test -z 			 || test ! -s conftest.err
configure:30592: $? = 0
configure:30595: test -s conftest
configure:30598: $? = 0
configure:30610: result: yes
configure:30523: checking for ctime
configure:30580: gcc -o conftest -g -O2   conftest.c  >&5
configure:30586: $? = 0
configure:30589: test -z 			 || test ! -s conftest.err
configure:30592: $? = 0
configure:30595: test -s conftest
configure:30598: $? = 0
configure:30610: result: yes
configure:30523: checking for difftime
configure:30580: gcc -o conftest -g -O2   conftest.c  >&5
configure:30586: $? = 0
configure:30589: test -z 			 || test ! -s conftest.err
configure:30592: $? = 0
configure:30595: test -s conftest
configure:30598: $? = 0
configure:30610: result: yes
configure:30523: checking for fstat
configure:30580: gcc -o conftest -g -O2   conftest.c  >&5
configure:30586: $? = 0
configure:30589: test -z 			 || test ! -s conftest.err
configure:30592: $? = 0
configure:30595: test -s conftest
configure:30598: $? = 0
configure:30610: result: yes
configure:30523: checking for gettimeofday
configure:30580: gcc -o conftest -g -O2   conftest.c  >&5
configure:30586: $? = 0
configure:30589: test -z 			 || test ! -s conftest.err
configure:30592: $? = 0
configure:30595: test -s conftest
configure:30598: $? = 0
configure:30610: result: yes
configure:30523: checking for gmtime
configure:30580: gcc -o conftest -g -O2   conftest.c  >&5
configure:30586: $? = 0
configure:30589: test -z 			 || test ! -s conftest.err
configure:30592: $? = 0
configure:30595: test -s conftest
configure:30598: $? = 0
configure:30610: result: yes
configure:30523: checking for localtime
configure:30580: gcc -o conftest -g -O2   conftest.c  >&5
configure:30586: $? = 0
configure:30589: test -z 			 || test ! -s conftest.err
configure:30592: $? = 0
configure:30595: test -s conftest
configure:30598: $? = 0
configure:30610: result: yes
configure:30523: checking for longjmp
configure:30580: gcc -o conftest -g -O2   conftest.c  >&5
configure:30586: $? = 0
configure:30589: test -z 			 || test ! -s conftest.err
configure:30592: $? = 0
configure:30595: test -s conftest
configure:30598: $? = 0
configure:30610: result: yes
configure:30523: checking for lstat
configure:30580: gcc -o conftest -g -O2   conftest.c  >&5
configure:30586: $? = 0
configure:30589: test -z 			 || test ! -s conftest.err
configure:30592: $? = 0
configure:30595: test -s conftest
configure:30598: $? = 0
configure:30610: result: yes
configure:30523: checking for memcmp
configure:30580: gcc -o conftest -g -O2   conftest.c  >&5
conftest.c:115:6: warning: conflicting types for built-in function 'memcmp' [enabled by default]
 char memcmp ();
      ^
configure:30586: $? = 0
configure:30589: test -z 			 || test ! -s conftest.err
configure:30592: $? = 0
configure:30595: test -s conftest
configure:30598: $? = 0
configure:30610: result: yes
configure:30523: checking for memcpy
configure:30580: gcc -o conftest -g -O2   conftest.c  >&5
conftest.c:116:6: warning: conflicting types for built-in function 'memcpy' [enabled by default]
 char memcpy ();
      ^
configure:30586: $? = 0
configure:30589: test -z 			 || test ! -s conftest.err
configure:30592: $? = 0
configure:30595: test -s conftest
configure:30598: $? = 0
configure:30610: result: yes
configure:30523: checking for memmove
configure:30580: gcc -o conftest -g -O2   conftest.c  >&5
conftest.c:117:6: warning: conflicting types for built-in function 'memmove' [enabled by default]
 char memmove ();
      ^
configure:30586: $? = 0
configure:30589: test -z 			 || test ! -s conftest.err
configure:30592: $? = 0
configure:30595: test -s conftest
configure:30598: $? = 0
configure:30610: result: yes
configure:30523: checking for memset
configure:30580: gcc -o conftest -g -O2   conftest.c  >&5
conftest.c:118:6: warning: conflicting types for built-in function 'memset' [enabled by default]
 char memset ();
      ^
configure:30586: $? = 0
configure:30589: test -z 			 || test ! -s conftest.err
configure:30592: $? = 0
configure:30595: test -s conftest
configure:30598: $? = 0
configure:30610: result: yes
configure:30523: checking for mktime
configure:30580: gcc -o conftest -g -O2   conftest.c  >&5
configure:30586: $? = 0
configure:30589: test -z 			 || test ! -s conftest.err
configure:30592: $? = 0
configure:30595: test -s conftest
configure:30598: $? = 0
configure:30610: result: yes
configure:30523: checking for qsort
configure:30580: gcc -o conftest -g -O2   conftest.c  >&5
configure:30586: $? = 0
configure:30589: test -z 			 || test ! -s conftest.err
configure:30592: $? = 0
configure:30595: test -s conftest
configure:30598: $? = 0
configure:30610: result: yes
configure:30523: checking for raise
configure:30580: gcc -o conftest -g -O2   conftest.c  >&5
configure:30586: $? = 0
configure:30589: test -z 			 || test ! -s conftest.err
configure:30592: $? = 0
configure:30595: test -s conftest
configure:30598: $? = 0
configure:30610: result: yes
configure:30523: checking for setjmp
configure:30580: gcc -o conftest -g -O2   conftest.c  >&5
configure:30586: $? = 0
configure:30589: test -z 			 || test ! -s conftest.err
configure:30592: $? = 0
configure:30595: test -s conftest
configure:30598: $? = 0
configure:30610: result: yes
configure:30523: checking for signal
configure:30580: gcc -o conftest -g -O2   conftest.c  >&5
configure:30586: $? = 0
configure:30589: test -z 			 || test ! -s conftest.err
configure:30592: $? = 0
configure:30595: test -s conftest
configure:30598: $? = 0
configure:30610: result: yes
configure:30523: checking for snprintf
configure:30580: gcc -o conftest -g -O2   conftest.c  >&5
conftest.c:124:6: warning: conflicting types for built-in function 'snprintf' [enabled by default]
 char snprintf ();
      ^
configure:30586: $? = 0
configure:30589: test -z 			 || test ! -s conftest.err
configure:30592: $? = 0
configure:30595: test -s conftest
configure:30598: $? = 0
configure:30610: result: yes
configure:30523: checking for strcasecmp
configure:30580: gcc -o conftest -g -O2   conftest.c  >&5
conftest.c:125:6: warning: conflicting types for built-in function 'strcasecmp' [enabled by default]
 char strcasecmp ();
      ^
configure:30586: $? = 0
configure:30589: test -z 			 || test ! -s conftest.err
configure:30592: $? = 0
configure:30595: test -s conftest
configure:30598: $? = 0
configure:30610: result: yes
configure:30523: checking for strchr
configure:30580: gcc -o conftest -g -O2   conftest.c  >&5
conftest.c:126:6: warning: conflicting types for built-in function 'strchr' [enabled by default]
 char strchr ();
      ^
configure:30586: $? = 0
configure:30589: test -z 			 || test ! -s conftest.err
configure:30592: $? = 0
configure:30595: test -s conftest
configure:30598: $? = 0
configure:30610: result: yes
configure:30523: checking for strdup
configure:30580: gcc -o conftest -g -O2   conftest.c  >&5
conftest.c:127:6: warning: conflicting types for built-in function 'strdup' [enabled by default]
 char strdup ();
      ^
configure:30586: $? = 0
configure:30589: test -z 			 || test ! -s conftest.err
configure:30592: $? = 0
configure:30595: test -s conftest
configure:30598: $? = 0
configure:30610: result: yes
configure:30523: checking for strerror
configure:30580: gcc -o conftest -g -O2   conftest.c  >&5
configure:30586: $? = 0
configure:30589: test -z 			 || test ! -s conftest.err
configure:30592: $? = 0
configure:30595: test -s conftest
configure:30598: $? = 0
configure:30610: result: yes
configure:30523: checking for strftime
configure:30580: gcc -o conftest -g -O2   conftest.c  >&5
conftest.c:129:6: warning: conflicting types for built-in function 'strftime' [enabled by default]
 char strftime ();
      ^
configure:30586: $? = 0
configure:30589: test -z 			 || test ! -s conftest.err
configure:30592: $? = 0
configure:30595: test -s conftest
configure:30598: $? = 0
configure:30610: result: yes
configure:30523: checking for stricmp
configure:30580: gcc -o conftest -g -O2   conftest.c  >&5
/tmp/ccXcCZr1.o:(.data+0x0): undefined reference to `stricmp'
/tmp/ccXcCZr1.o: In function `main':
/home/junyel/lzo-2.02/conftest.c:146: undefined reference to `stricmp'
collect2: error: ld returned 1 exit status
configure:30586: $? = 1
configure: failed program was:
| /* confdefs.h.  */
| 
| #define PACKAGE_NAME "lzo"
| #define PACKAGE_TARNAME "lzo"
| #define PACKAGE_VERSION "2.02"
| #define PACKAGE_STRING "lzo 2.02"
| #define PACKAGE_BUGREPORT "markus@oberhumer.com"
| #define LZO_ABI_LITTLE_ENDIAN 1
| #define PACKAGE "lzo"
| #define VERSION "2.02"
| #define STDC_HEADERS 1
| #define HAVE_SYS_TYPES_H 1
| #define HAVE_SYS_STAT_H 1
| #define HAVE_STDLIB_H 1
| #define HAVE_STRING_H 1
| #define HAVE_MEMORY_H 1
| #define HAVE_STRINGS_H 1
| #define HAVE_INTTYPES_H 1
| #define HAVE_STDINT_H 1
| #define HAVE_UNISTD_H 1
| #define HAVE_DLFCN_H 1
| #ifdef __cplusplus
| extern "C" void exit (int) throw ();
| #endif
| #define TIME_WITH_SYS_TIME 1
| #define HAVE_ASSERT_H 1
| #define HAVE_CTYPE_H 1
| #define HAVE_DIRENT_H 1
| #define HAVE_ERRNO_H 1
| #define HAVE_FCNTL_H 1
| #define HAVE_FLOAT_H 1
| #define HAVE_LIMITS_H 1
| #define HAVE_MALLOC_H 1
| #define HAVE_MEMORY_H 1
| #define HAVE_SETJMP_H 1
| #define HAVE_SIGNAL_H 1
| #define HAVE_STDARG_H 1
| #define HAVE_STDDEF_H 1
| #define HAVE_STDINT_H 1
| #define HAVE_STDIO_H 1
| #define HAVE_STDLIB_H 1
| #define HAVE_STRING_H 1
| #define HAVE_STRINGS_H 1
| #define HAVE_TIME_H 1
| #define HAVE_UNISTD_H 1
| #define HAVE_UTIME_H 1
| #define HAVE_SYS_STAT_H 1
| #define HAVE_SYS_TIME_H 1
| #define HAVE_SYS_TYPES_H 1
| #define HAVE_SYS_WAIT_H 1
| #define RETSIGTYPE void
| #define SIZEOF_SHORT 2
| #define SIZEOF_INT 4
| #define SIZEOF_LONG 8
| #define SIZEOF_LONG_LONG 8
| #define SIZEOF___INT16 0
| #define SIZEOF___INT32 0
| #define SIZEOF___INT64 0
| #define SIZEOF_VOID_P 8
| #define SIZEOF_SIZE_T 8
| #define SIZEOF_PTRDIFF_T 8
| #define SIZEOF___INT32 0
| #define SIZEOF_INTMAX_T 8
| #define SIZEOF_UINTMAX_T 8
| #define SIZEOF_INTPTR_T 8
| #define SIZEOF_UINTPTR_T 8
| #define SIZEOF_FLOAT 4
| #define SIZEOF_DOUBLE 8
| #define SIZEOF_LONG_DOUBLE 16
| #define SIZEOF_DEV_T 8
| #define SIZEOF_FPOS_T 16
| #define SIZEOF_MODE_T 4
| #define SIZEOF_OFF_T 8
| #define SIZEOF_SSIZE_T 8
| #define SIZEOF_TIME_T 8
| #define HAVE_ACCESS 1
| #define HAVE_ATEXIT 1
| #define HAVE_ATOI 1
| #define HAVE_ATOL 1
| #define HAVE_CHMOD 1
| #define HAVE_CHOWN 1
| #define HAVE_CTIME 1
| #define HAVE_DIFFTIME 1
| #define HAVE_FSTAT 1
| #define HAVE_GETTIMEOFDAY 1
| #define HAVE_GMTIME 1
| #define HAVE_LOCALTIME 1
| #define HAVE_LONGJMP 1
| #define HAVE_LSTAT 1
| #define HAVE_MEMCMP 1
| #define HAVE_MEMCPY 1
| #define HAVE_MEMMOVE 1
| #define HAVE_MEMSET 1
| #define HAVE_MKTIME 1
| #define HAVE_QSORT 1
| #define HAVE_RAISE 1
| #define HAVE_SETJMP 1
| #define HAVE_SIGNAL 1
| #define HAVE_SNPRINTF 1
| #define HAVE_STRCASECMP 1
| #define HAVE_STRCHR 1
| #define HAVE_STRDUP 1
| #define HAVE_STRERROR 1
| #define HAVE_STRFTIME 1
| /* end confdefs.h.  */
| /* Define stricmp to an innocuous variant, in case <limits.h> declares stricmp.
|    For example, HP-UX 11i <limits.h> declares gettimeofday.  */
| #define stricmp innocuous_stricmp
| 
| /* System header to define __stub macros and hopefully few prototypes,
|     which can conflict with char stricmp (); below.
|     Prefer <limits.h> to <assert.h> if __STDC__ is defined, since
|     <limits.h> exists even on freestanding compilers.  */
| 
| #ifdef __STDC__
| # include <limits.h>
| #else
| # include <assert.h>
| #endif
| 
| #undef stricmp
| 
| /* Override any gcc2 internal prototype to avoid an error.  */
| #ifdef __cplusplus
| extern "C"
| {
| #endif
| /* We use char because int might match the return type of a gcc2
|    builtin and then its argument prototype would still apply.  */
| char stricmp ();
| /* The GNU C library defines this for functions which it implements
|     to always fail with ENOSYS.  Some functions are actually named
|     something starting with __ and the normal name is an alias.  */
| #if defined (__stub_stricmp) || defined (__stub___stricmp)
| choke me
| #else
| char (*f) () = stricmp;
| #endif
| #ifdef __cplusplus
| }
| #endif
| 
| int
| main ()
| {
| return f != stricmp;
|   ;
|   return 0;
| }
configure:30610: result: no
configure:30523: checking for strncasecmp
configure:30580: gcc -o conftest -g -O2   conftest.c  >&5
conftest.c:130:6: warning: conflicting types for built-in function 'strncasecmp' [enabled by default]
 char strncasecmp ();
      ^
configure:30586: $? = 0
configure:30589: test -z 			 || test ! -s conftest.err
configure:30592: $? = 0
configure:30595: test -s conftest
configure:30598: $? = 0
configure:30610: result: yes
configure:30523: checking for strnicmp
configure:30580: gcc -o conftest -g -O2   conftest.c  >&5
/tmp/ccljb6Nf.o:(.data+0x0): undefined reference to `strnicmp'
/tmp/ccljb6Nf.o: In function `main':
/home/junyel/lzo-2.02/conftest.c:147: undefined reference to `strnicmp'
collect2: error: ld returned 1 exit status
configure:30586: $? = 1
configure: failed program was:
| /* confdefs.h.  */
| 
| #define PACKAGE_NAME "lzo"
| #define PACKAGE_TARNAME "lzo"
| #define PACKAGE_VERSION "2.02"
| #define PACKAGE_STRING "lzo 2.02"
| #define PACKAGE_BUGREPORT "markus@oberhumer.com"
| #define LZO_ABI_LITTLE_ENDIAN 1
| #define PACKAGE "lzo"
| #define VERSION "2.02"
| #define STDC_HEADERS 1
| #define HAVE_SYS_TYPES_H 1
| #define HAVE_SYS_STAT_H 1
| #define HAVE_STDLIB_H 1
| #define HAVE_STRING_H 1
| #define HAVE_MEMORY_H 1
| #define HAVE_STRINGS_H 1
| #define HAVE_INTTYPES_H 1
| #define HAVE_STDINT_H 1
| #define HAVE_UNISTD_H 1
| #define HAVE_DLFCN_H 1
| #ifdef __cplusplus
| extern "C" void exit (int) throw ();
| #endif
| #define TIME_WITH_SYS_TIME 1
| #define HAVE_ASSERT_H 1
| #define HAVE_CTYPE_H 1
| #define HAVE_DIRENT_H 1
| #define HAVE_ERRNO_H 1
| #define HAVE_FCNTL_H 1
| #define HAVE_FLOAT_H 1
| #define HAVE_LIMITS_H 1
| #define HAVE_MALLOC_H 1
| #define HAVE_MEMORY_H 1
| #define HAVE_SETJMP_H 1
| #define HAVE_SIGNAL_H 1
| #define HAVE_STDARG_H 1
| #define HAVE_STDDEF_H 1
| #define HAVE_STDINT_H 1
| #define HAVE_STDIO_H 1
| #define HAVE_STDLIB_H 1
| #define HAVE_STRING_H 1
| #define HAVE_STRINGS_H 1
| #define HAVE_TIME_H 1
| #define HAVE_UNISTD_H 1
| #define HAVE_UTIME_H 1
| #define HAVE_SYS_STAT_H 1
| #define HAVE_SYS_TIME_H 1
| #define HAVE_SYS_TYPES_H 1
| #define HAVE_SYS_WAIT_H 1
| #define RETSIGTYPE void
| #define SIZEOF_SHORT 2
| #define SIZEOF_INT 4
| #define SIZEOF_LONG 8
| #define SIZEOF_LONG_LONG 8
| #define SIZEOF___INT16 0
| #define SIZEOF___INT32 0
| #define SIZEOF___INT64 0
| #define SIZEOF_VOID_P 8
| #define SIZEOF_SIZE_T 8
| #define SIZEOF_PTRDIFF_T 8
| #define SIZEOF___INT32 0
| #define SIZEOF_INTMAX_T 8
| #define SIZEOF_UINTMAX_T 8
| #define SIZEOF_INTPTR_T 8
| #define SIZEOF_UINTPTR_T 8
| #define SIZEOF_FLOAT 4
| #define SIZEOF_DOUBLE 8
| #define SIZEOF_LONG_DOUBLE 16
| #define SIZEOF_DEV_T 8
| #define SIZEOF_FPOS_T 16
| #define SIZEOF_MODE_T 4
| #define SIZEOF_OFF_T 8
| #define SIZEOF_SSIZE_T 8
| #define SIZEOF_TIME_T 8
| #define HAVE_ACCESS 1
| #define HAVE_ATEXIT 1
| #define HAVE_ATOI 1
| #define HAVE_ATOL 1
| #define HAVE_CHMOD 1
| #define HAVE_CHOWN 1
| #define HAVE_CTIME 1
| #define HAVE_DIFFTIME 1
| #define HAVE_FSTAT 1
| #define HAVE_GETTIMEOFDAY 1
| #define HAVE_GMTIME 1
| #define HAVE_LOCALTIME 1
| #define HAVE_LONGJMP 1
| #define HAVE_LSTAT 1
| #define HAVE_MEMCMP 1
| #define HAVE_MEMCPY 1
| #define HAVE_MEMMOVE 1
| #define HAVE_MEMSET 1
| #define HAVE_MKTIME 1
| #define HAVE_QSORT 1
| #define HAVE_RAISE 1
| #define HAVE_SETJMP 1
| #define HAVE_SIGNAL 1
| #define HAVE_SNPRINTF 1
| #define HAVE_STRCASECMP 1
| #define HAVE_STRCHR 1
| #define HAVE_STRDUP 1
| #define HAVE_STRERROR 1
| #define HAVE_STRFTIME 1
| #define HAVE_STRNCASECMP 1
| /* end confdefs.h.  */
| /* Define strnicmp to an innocuous variant, in case <limits.h> declares strnicmp.
|    For example, HP-UX 11i <limits.h> declares gettimeofday.  */
| #define strnicmp innocuous_strnicmp
| 
| /* System header to define __stub macros and hopefully few prototypes,
|     which can conflict with char strnicmp (); below.
|     Prefer <limits.h> to <assert.h> if __STDC__ is defined, since
|     <limits.h> exists even on freestanding compilers.  */
| 
| #ifdef __STDC__
| # include <limits.h>
| #else
| # include <assert.h>
| #endif
| 
| #undef strnicmp
| 
| /* Override any gcc2 internal prototype to avoid an error.  */
| #ifdef __cplusplus
| extern "C"
| {
| #endif
| /* We use char because int might match the return type of a gcc2
|    builtin and then its argument prototype would still apply.  */
| char strnicmp ();
| /* The GNU C library defines this for functions which it implements
|     to always fail with ENOSYS.  Some functions are actually named
|     something starting with __ and the normal name is an alias.  */
| #if defined (__stub_strnicmp) || defined (__stub___strnicmp)
| choke me
| #else
| char (*f) () = strnicmp;
| #endif
| #ifdef __cplusplus
| }
| #endif
| 
| int
| main ()
| {
| return f != strnicmp;
|   ;
|   return 0;
| }
configure:30610: result: no
configure:30523: checking for strrchr
configure:30580: gcc -o conftest -g -O2   conftest.c  >&5
conftest.c:131:6: warning: conflicting types for built-in function 'strrchr' [enabled by default]
 char strrchr ();
      ^
configure:30586: $? = 0
configure:30589: test -z 			 || test ! -s conftest.err
configure:30592: $? = 0
configure:30595: test -s conftest
configure:30598: $? = 0
configure:30610: result: yes
configure:30523: checking for strstr
configure:30580: gcc -o conftest -g -O2   conftest.c  >&5
conftest.c:132:6: warning: conflicting types for built-in function 'strstr' [enabled by default]
 char strstr ();
      ^
configure:30586: $? = 0
configure:30589: test -z 			 || test ! -s conftest.err
configure:30592: $? = 0
configure:30595: test -s conftest
configure:30598: $? = 0
configure:30610: result: yes
configure:30523: checking for time
configure:30580: gcc -o conftest -g -O2   conftest.c  >&5
configure:30586: $? = 0
configure:30589: test -z 			 || test ! -s conftest.err
configure:30592: $? = 0
configure:30595: test -s conftest
configure:30598: $? = 0
configure:30610: result: yes
configure:30523: checking for umask
configure:30580: gcc -o conftest -g -O2   conftest.c  >&5
configure:30586: $? = 0
configure:30589: test -z 			 || test ! -s conftest.err
configure:30592: $? = 0
configure:30595: test -s conftest
configure:30598: $? = 0
configure:30610: result: yes
configure:30523: checking for utime
configure:30580: gcc -o conftest -g -O2   conftest.c  >&5
configure:30586: $? = 0
configure:30589: test -z 			 || test ! -s conftest.err
configure:30592: $? = 0
configure:30595: test -s conftest
configure:30598: $? = 0
configure:30610: result: yes
configure:30523: checking for vsnprintf
configure:30580: gcc -o conftest -g -O2   conftest.c  >&5
conftest.c:136:6: warning: conflicting types for built-in function 'vsnprintf' [enabled by default]
 char vsnprintf ();
      ^
configure:30586: $? = 0
configure:30589: test -z 			 || test ! -s conftest.err
configure:30592: $? = 0
configure:30595: test -s conftest
configure:30598: $? = 0
configure:30610: result: yes
configure:30643: checking whether your compiler passes the ACC conformance test
configure:30693: gcc -c -g -O2 -I.  conftest.c >&5
configure:30699: $? = 0
configure:30702: test -z 			 || test ! -s conftest.err
configure:30705: $? = 0
configure:30708: test -s conftest.o
configure:30711: $? = 0
configure:30724: result: yes
configure:30899: creating ./config.status

## ---------------------- ##
## Running config.status. ##
## ---------------------- ##

This file was extended by lzo config.status 2.02, which was
generated by GNU Autoconf 2.59.  Invocation command line was

  CONFIG_FILES    = 
  CONFIG_HEADERS  = 
  CONFIG_LINKS    = 
  CONFIG_COMMANDS = 
  $ ./config.status 

on wherebeware.corp.gq1.yahoo.com

config.status:776: creating Makefile
config.status:776: creating examples/Makefile
config.status:776: creating include/Makefile
config.status:776: creating include/lzo/Makefile
config.status:776: creating lzotest/Makefile
config.status:776: creating minilzo/Makefile
config.status:776: creating src/Makefile
config.status:776: creating tests/Makefile
config.status:842: creating config.h
config.status:1342: executing depfiles commands

## ---------------- ##
## Cache variables. ##
## ---------------- ##

ac_cv_build=x86_64-unknown-linux-gnu
ac_cv_build_alias=x86_64-unknown-linux-gnu
ac_cv_c_bigendian=no
ac_cv_c_compiler_gnu=yes
ac_cv_c_const=yes
ac_cv_cxx_compiler_gnu=yes
ac_cv_env_CC_set=
ac_cv_env_CC_value=
ac_cv_env_CFLAGS_set=
ac_cv_env_CFLAGS_value=
ac_cv_env_CPPFLAGS_set=
ac_cv_env_CPPFLAGS_value=
ac_cv_env_CPP_set=
ac_cv_env_CPP_value=
ac_cv_env_CXXCPP_set=
ac_cv_env_CXXCPP_value=
ac_cv_env_CXXFLAGS_set=
ac_cv_env_CXXFLAGS_value=
ac_cv_env_CXX_set=
ac_cv_env_CXX_value=
ac_cv_env_F77_set=
ac_cv_env_F77_value=
ac_cv_env_FFLAGS_set=
ac_cv_env_FFLAGS_value=
ac_cv_env_LDFLAGS_set=
ac_cv_env_LDFLAGS_value=
ac_cv_env_build_alias_set=
ac_cv_env_build_alias_value=
ac_cv_env_host_alias_set=
ac_cv_env_host_alias_value=
ac_cv_env_target_alias_set=
ac_cv_env_target_alias_value=
ac_cv_exeext=
ac_cv_f77_compiler_gnu=no
ac_cv_func_access=yes
ac_cv_func_alloca=no
ac_cv_func_atexit=yes
ac_cv_func_atoi=yes
ac_cv_func_atol=yes
ac_cv_func_chmod=yes
ac_cv_func_chown=yes
ac_cv_func_ctime=yes
ac_cv_func_difftime=yes
ac_cv_func_fstat=yes
ac_cv_func_gettimeofday=yes
ac_cv_func_gmtime=yes
ac_cv_func_localtime=yes
ac_cv_func_longjmp=yes
ac_cv_func_lstat=yes
ac_cv_func_memcmp=yes
ac_cv_func_memcpy=yes
ac_cv_func_memmove=yes
ac_cv_func_memset=yes
ac_cv_func_mktime=yes
ac_cv_func_qsort=yes
ac_cv_func_raise=yes
ac_cv_func_setjmp=yes
ac_cv_func_signal=yes
ac_cv_func_snprintf=yes
ac_cv_func_strcasecmp=yes
ac_cv_func_strchr=yes
ac_cv_func_strdup=yes
ac_cv_func_strerror=yes
ac_cv_func_strftime=yes
ac_cv_func_stricmp=no
ac_cv_func_strncasecmp=yes
ac_cv_func_strnicmp=no
ac_cv_func_strrchr=yes
ac_cv_func_strstr=yes
ac_cv_func_time=yes
ac_cv_func_umask=yes
ac_cv_func_utime=yes
ac_cv_func_vsnprintf=yes
ac_cv_header_assert_h=yes
ac_cv_header_ctype_h=yes
ac_cv_header_dirent_h=yes
ac_cv_header_dlfcn_h=yes
ac_cv_header_errno_h=yes
ac_cv_header_fcntl_h=yes
ac_cv_header_float_h=yes
ac_cv_header_inttypes_h=yes
ac_cv_header_limits_h=yes
ac_cv_header_malloc_h=yes
ac_cv_header_memory_h=yes
ac_cv_header_setjmp_h=yes
ac_cv_header_signal_h=yes
ac_cv_header_stdarg_h=yes
ac_cv_header_stdc=yes
ac_cv_header_stddef_h=yes
ac_cv_header_stdint_h=yes
ac_cv_header_stdio_h=yes
ac_cv_header_stdlib_h=yes
ac_cv_header_string_h=yes
ac_cv_header_strings_h=yes
ac_cv_header_sys_stat_h=yes
ac_cv_header_sys_time_h=yes
ac_cv_header_sys_types_h=yes
ac_cv_header_sys_wait_h=yes
ac_cv_header_time=yes
ac_cv_header_time_h=yes
ac_cv_header_unistd_h=yes
ac_cv_header_utime_h=yes
ac_cv_host=x86_64-unknown-linux-gnu
ac_cv_host_alias=x86_64-unknown-linux-gnu
ac_cv_objext=o
ac_cv_path_install='/usr/bin/install -c'
ac_cv_prog_AWK=gawk
ac_cv_prog_CPP='gcc -E'
ac_cv_prog_CXXCPP='g++ -E'
ac_cv_prog_ac_ct_AR=ar
ac_cv_prog_ac_ct_CC=gcc
ac_cv_prog_ac_ct_CXX=g++
ac_cv_prog_ac_ct_RANLIB=ranlib
ac_cv_prog_ac_ct_STRIP=strip
ac_cv_prog_cc_g=yes
ac_cv_prog_cc_stdc=
ac_cv_prog_cxx_g=yes
ac_cv_prog_egrep='grep -E'
ac_cv_prog_f77_g=no
ac_cv_prog_make_make_set=yes
ac_cv_sizeof___int16=0
ac_cv_sizeof___int32=0
ac_cv_sizeof___int64=0
ac_cv_sizeof_dev_t=8
ac_cv_sizeof_double=8
ac_cv_sizeof_float=4
ac_cv_sizeof_fpos_t=16
ac_cv_sizeof_int=4
ac_cv_sizeof_intmax_t=8
ac_cv_sizeof_intptr_t=8
ac_cv_sizeof_long=8
ac_cv_sizeof_long_double=16
ac_cv_sizeof_long_long=8
ac_cv_sizeof_mode_t=4
ac_cv_sizeof_off_t=8
ac_cv_sizeof_ptrdiff_t=8
ac_cv_sizeof_short=2
ac_cv_sizeof_size_t=8
ac_cv_sizeof_ssize_t=8
ac_cv_sizeof_time_t=8
ac_cv_sizeof_uintmax_t=8
ac_cv_sizeof_uintptr_t=8
ac_cv_sizeof_void_p=8
ac_cv_sys_file_offset_bits=no
ac_cv_sys_large_files=no
ac_cv_sys_largefile_CC=no
ac_cv_target=x86_64-unknown-linux-gnu
ac_cv_target_alias=x86_64-unknown-linux-gnu
ac_cv_type___int16=no
ac_cv_type___int32=no
ac_cv_type___int64=no
ac_cv_type_dev_t=yes
ac_cv_type_double=yes
ac_cv_type_float=yes
ac_cv_type_fpos_t=yes
ac_cv_type_int=yes
ac_cv_type_intmax_t=yes
ac_cv_type_intptr_t=yes
ac_cv_type_long=yes
ac_cv_type_long_double=yes
ac_cv_type_long_long=yes
ac_cv_type_mode_t=yes
ac_cv_type_off_t=yes
ac_cv_type_ptrdiff_t=yes
ac_cv_type_short=yes
ac_cv_type_signal=void
ac_cv_type_size_t=yes
ac_cv_type_ssize_t=yes
ac_cv_type_time_t=yes
ac_cv_type_uintmax_t=yes
ac_cv_type_uintptr_t=yes
ac_cv_type_void_p=yes
am_cv_CC_dependencies_compiler_type=gcc3
am_cv_CXX_dependencies_compiler_type=gcc3
lt_cv_deplibs_check_method=pass_all
lt_cv_file_magic_cmd='$MAGIC_CMD'
lt_cv_file_magic_test_file=
lt_cv_ld_reload_flag=-r
lt_cv_objdir=.libs
lt_cv_path_LD=/usr/bin/ld
lt_cv_path_LDCXX='/usr/bin/ld -m elf_x86_64'
lt_cv_path_NM='/usr/bin/nm -B'
lt_cv_path_SED=/usr/bin/sed
lt_cv_prog_compiler_c_o=yes
lt_cv_prog_compiler_c_o_CXX=yes
lt_cv_prog_compiler_rtti_exceptions=no
lt_cv_prog_gnu_ld=yes
lt_cv_prog_gnu_ldcxx=yes
lt_cv_sys_global_symbol_pipe='sed -n -e '\''s/^.*[ 	]\([ABCDGIRSTW][ABCDGIRSTW]*\)[ 	][ 	]*\(\)\([_A-Za-z][_A-Za-z0-9]*\)$/\1 \2\3 \3/p'\'''
lt_cv_sys_global_symbol_to_c_name_address='sed -n -e '\''s/^: \([^ ]*\) $/  {\"\1\", (lt_ptr) 0},/p'\'' -e '\''s/^[BCDEGRST] \([^ ]*\) \([^ ]*\)$/  {"\2", (lt_ptr) \&\2},/p'\'''
lt_cv_sys_global_symbol_to_cdecl='sed -n -e '\''s/^. .* \(.*\)$/extern int \1;/p'\'''
lt_cv_sys_max_cmd_len=32768
lt_lt_cv_prog_compiler_c_o='"yes"'
lt_lt_cv_prog_compiler_c_o_CXX='"yes"'
lt_lt_cv_sys_global_symbol_pipe='"sed -n -e '\''s/^.*[ 	]\\([ABCDGIRSTW][ABCDGIRSTW]*\\)[ 	][ 	]*\\(\\)\\([_A-Za-z][_A-Za-z0-9]*\\)\$/\\1 \\2\\3 \\3/p'\''"'
lt_lt_cv_sys_global_symbol_to_c_name_address='"sed -n -e '\''s/^: \\([^ ]*\\) \$/  {\\\"\\1\\\", (lt_ptr) 0},/p'\'' -e '\''s/^[BCDEGRST] \\([^ ]*\\) \\([^ ]*\\)\$/  {\"\\2\", (lt_ptr) \\&\\2},/p'\''"'
lt_lt_cv_sys_global_symbol_to_cdecl='"sed -n -e '\''s/^. .* \\(.*\\)\$/extern int \\1;/p'\''"'
mfx_cv_header_sane_limits_h=yes

## ----------------- ##
## Output variables. ##
## ----------------- ##

ACLOCAL='${SHELL} /home/junyel/lzo-2.02/autoconf/missing --run aclocal-1.9'
AMDEPBACKSLASH='\'
AMDEP_FALSE='#'
AMDEP_TRUE=''
AMTAR='${SHELL} /home/junyel/lzo-2.02/autoconf/missing --run tar'
AR='ar'
AUTOCONF='${SHELL} /home/junyel/lzo-2.02/autoconf/missing --run autoconf'
AUTOHEADER='${SHELL} /home/junyel/lzo-2.02/autoconf/missing --run autoheader'
AUTOMAKE='${SHELL} /home/junyel/lzo-2.02/autoconf/missing --run automake-1.9'
AWK='gawk'
CC='gcc'
CCDEPMODE='depmode=gcc3'
CFLAGS='-g -O2'
CPP='gcc -E'
CPPFLAGS='-DLZO_HAVE_CONFIG_H'
CXX='g++'
CXXCPP='g++ -E'
CXXDEPMODE='depmode=gcc3'
CXXFLAGS='-g -O2'
CYGPATH_W='echo'
DEFS='-DHAVE_CONFIG_H'
DEPDIR='.deps'
ECHO='echo'
ECHO_C=''
ECHO_N='-n'
ECHO_T=''
EGREP='grep -E'
EXEEXT=''
F77=''
FFLAGS=''
INSTALL_DATA='${INSTALL} -m 644'
INSTALL_PROGRAM='${INSTALL}'
INSTALL_SCRIPT='${INSTALL}'
INSTALL_STRIP_PROGRAM='${SHELL} $(install_sh) -c -s'
LDFLAGS=''
LIBOBJS=''
LIBS=''
LIBTOOL='$(SHELL) $(top_builddir)/libtool'
LN_S='ln -s'
LTLIBOBJS=''
LZO_ASM_VPATH=''
LZO_CFLAGS=''
LZO_CPPFLAGS=''
LZO_EXTRA_CFLAGS=''
LZO_EXTRA_CPPFLAGS=''
LZO_USE_ASM_FALSE=''
LZO_USE_ASM_TRUE='#'
MAINT='#'
MAINTAINER_MODE_FALSE=''
MAINTAINER_MODE_TRUE='#'
MAKEINFO='${SHELL} /home/junyel/lzo-2.02/autoconf/missing --run makeinfo'
OBJEXT='o'
PACKAGE='lzo'
PACKAGE_BUGREPORT='markus@oberhumer.com'
PACKAGE_NAME='lzo'
PACKAGE_STRING='lzo 2.02'
PACKAGE_TARNAME='lzo'
PACKAGE_VERSION='2.02'
PATH_SEPARATOR=':'
RANLIB='ranlib'
SET_MAKE=''
SHELL='/bin/sh'
STRIP='strip'
VERSION='2.02'
ac_ct_AR='ar'
ac_ct_CC='gcc'
ac_ct_CXX='g++'
ac_ct_F77=''
ac_ct_RANLIB='ranlib'
ac_ct_STRIP='strip'
am__fastdepCC_FALSE='#'
am__fastdepCC_TRUE=''
am__fastdepCXX_FALSE='#'
am__fastdepCXX_TRUE=''
am__include='include'
am__leading_dot='.'
am__quote=''
am__tar='${AMTAR} chof - "$$tardir"'
am__untar='${AMTAR} xf -'
bindir='${exec_prefix}/bin'
build='x86_64-unknown-linux-gnu'
build_alias=''
build_cpu='x86_64'
build_os='linux-gnu'
build_vendor='unknown'
configure_CFLAGS='-g -O2'
configure_CPPFLAGS='-DLZO_HAVE_CONFIG_H'
datadir='${prefix}/share'
exec_prefix='${prefix}'
host='x86_64-unknown-linux-gnu'
host_alias=''
host_cpu='x86_64'
host_os='linux-gnu'
host_vendor='unknown'
includedir='${prefix}/include'
infodir='${prefix}/info'
install_sh='/home/junyel/lzo-2.02/autoconf/install-sh'
libdir='${exec_prefix}/lib'
libexecdir='${exec_prefix}/libexec'
localstatedir='${prefix}/var'
mandir='${prefix}/man'
mkdir_p='mkdir -p --'
oldincludedir='/usr/include'
prefix='/usr/local'
program_transform_name='s,x,x,'
sbindir='${exec_prefix}/sbin'
sharedstatedir='${prefix}/com'
sysconfdir='${prefix}/etc'
target='x86_64-unknown-linux-gnu'
target_alias=''
target_cpu='x86_64'
target_os='linux-gnu'
target_vendor='unknown'

## ----------- ##
## confdefs.h. ##
## ----------- ##

#define HAVE_ACCESS 1
#define HAVE_ASSERT_H 1
#define HAVE_ATEXIT 1
#define HAVE_ATOI 1
#define HAVE_ATOL 1
#define HAVE_CHMOD 1
#define HAVE_CHOWN 1
#define HAVE_CTIME 1
#define HAVE_CTYPE_H 1
#define HAVE_DIFFTIME 1
#define HAVE_DIRENT_H 1
#define HAVE_DLFCN_H 1
#define HAVE_ERRNO_H 1
#define HAVE_FCNTL_H 1
#define HAVE_FLOAT_H 1
#define HAVE_FSTAT 1
#define HAVE_GETTIMEOFDAY 1
#define HAVE_GMTIME 1
#define HAVE_INTTYPES_H 1
#define HAVE_LIMITS_H 1
#define HAVE_LOCALTIME 1
#define HAVE_LONGJMP 1
#define HAVE_LSTAT 1
#define HAVE_MALLOC_H 1
#define HAVE_MEMCMP 1
#define HAVE_MEMCPY 1
#define HAVE_MEMMOVE 1
#define HAVE_MEMORY_H 1
#define HAVE_MEMORY_H 1
#define HAVE_MEMSET 1
#define HAVE_MKTIME 1
#define HAVE_QSORT 1
#define HAVE_RAISE 1
#define HAVE_SETJMP 1
#define HAVE_SETJMP_H 1
#define HAVE_SIGNAL 1
#define HAVE_SIGNAL_H 1
#define HAVE_SNPRINTF 1
#define HAVE_STDARG_H 1
#define HAVE_STDDEF_H 1
#define HAVE_STDINT_H 1
#define HAVE_STDINT_H 1
#define HAVE_STDIO_H 1
#define HAVE_STDLIB_H 1
#define HAVE_STDLIB_H 1
#define HAVE_STRCASECMP 1
#define HAVE_STRCHR 1
#define HAVE_STRDUP 1
#define HAVE_STRERROR 1
#define HAVE_STRFTIME 1
#define HAVE_STRINGS_H 1
#define HAVE_STRINGS_H 1
#define HAVE_STRING_H 1
#define HAVE_STRING_H 1
#define HAVE_STRNCASECMP 1
#define HAVE_STRRCHR 1
#define HAVE_STRSTR 1
#define HAVE_SYS_STAT_H 1
#define HAVE_SYS_STAT_H 1
#define HAVE_SYS_TIME_H 1
#define HAVE_SYS_TYPES_H 1
#define HAVE_SYS_TYPES_H 1
#define HAVE_SYS_WAIT_H 1
#define HAVE_TIME 1
#define HAVE_TIME_H 1
#define HAVE_UMASK 1
#define HAVE_UNISTD_H 1
#define HAVE_UNISTD_H 1
#define HAVE_UTIME 1
#define HAVE_UTIME_H 1
#define HAVE_VSNPRINTF 1
#define LZO_ABI_LITTLE_ENDIAN 1
#define PACKAGE "lzo"
#define PACKAGE_BUGREPORT "markus@oberhumer.com"
#define PACKAGE_NAME "lzo"
#define PACKAGE_STRING "lzo 2.02"
#define PACKAGE_TARNAME "lzo"
#define PACKAGE_VERSION "2.02"
#define RETSIGTYPE void
#define SIZEOF_DEV_T 8
#define SIZEOF_DOUBLE 8
#define SIZEOF_FLOAT 4
#define SIZEOF_FPOS_T 16
#define SIZEOF_INT 4
#define SIZEOF_INTMAX_T 8
#define SIZEOF_INTPTR_T 8
#define SIZEOF_LONG 8
#define SIZEOF_LONG_DOUBLE 16
#define SIZEOF_LONG_LONG 8
#define SIZEOF_MODE_T 4
#define SIZEOF_OFF_T 8
#define SIZEOF_PTRDIFF_T 8
#define SIZEOF_SHORT 2
#define SIZEOF_SIZE_T 8
#define SIZEOF_SSIZE_T 8
#define SIZEOF_TIME_T 8
#define SIZEOF_UINTMAX_T 8
#define SIZEOF_UINTPTR_T 8
#define SIZEOF_VOID_P 8
#define SIZEOF___INT16 0
#define SIZEOF___INT32 0
#define SIZEOF___INT32 0
#define SIZEOF___INT64 0
#define STDC_HEADERS 1
#define TIME_WITH_SYS_TIME 1
#define VERSION "2.02"
#endif
#ifdef __cplusplus
extern "C" void exit (int) throw ();

configure: exit 0
